==============================================================================
20230411 12:16:38.153 - INFO - + START SUITE: Tsm-Testfile-10-Fail [ ]
==============================================================================
20230411 12:16:38.158 - INFO - +- START SETUP: tm.Testsuite Setup [ ./config/tsm-test_variants.json ]
20230411 12:16:38.183 - INFO - Set suite metadata 'project' to value 'tsm-test_config_variant1'.
20230411 12:16:38.184 - INFO - Set suite metadata 'machine' to value 'HI7-C-0005Y'.
20230411 12:16:38.185 - INFO - Set suite metadata 'tester' to value 'Queckenstedt Holger (XC-CT/ECA3)'.
20230411 12:16:38.186 - INFO - Set suite metadata 'testtool' to value 'Robot Framework 4.1.3 (Python 3.9.16 on win32)'.
20230411 12:16:38.186 - INFO - Set suite metadata 'version' to value '0.7.0'.
20230411 12:16:38.186 - INFO - Set suite metadata 'version_sw' to value ''.
20230411 12:16:38.186 - INFO - Set suite metadata 'version_hw' to value ''.
20230411 12:16:38.186 - INFO - Set suite metadata 'version_test' to value ''.
20230411 12:16:38.187 - INFO - ${teststring_common} = I am the common teststring valid for all variants and all test benches
20230411 12:16:38.187 - INFO - ${teststring_bench} = I am the teststring containing the default value for all test benches
20230411 12:16:38.188 - INFO - ${teststring_variant} = I am the 'variant1' configuration of tsm-test
20230411 12:16:38.188 - INFO - ${CONFIG} = {'WelcomeString': 'Hello... Robot Framework is running now!', 'Maximum_version': '1.0.0', 'Minimum_version': '0.6.0', 'Project': 'tsm-test_config_variant1', 'TargetName': 'Device_01', 'params': {}}
20230411 12:16:38.188 - INFO - Running with configuration level 2
20230411 12:16:38.188 - INFO - Parameters loaded from 'C:\RobotTest\projects\ROBFW_AIO\robotframework-testsuitesmanagement\test\testfiles\config\tsm-test_config_variant1.json'
20230411 12:16:38.188 - INFO - Robot Framework AIO version check passed!
20230411 12:16:38.189 - INFO - Suite Path: 'C:\RobotTest\projects\ROBFW_AIO\robotframework-testsuitesmanagement\test\testfiles\'
20230411 12:16:38.189 - INFO - CfgFile Path: 'C:\RobotTest\projects\ROBFW_AIO\robotframework-testsuitesmanagement\test\testfiles\config\tsm-test_config_variant1.json'
20230411 12:16:38.189 - INFO - Number of test suites: 1
20230411 12:16:38.189 - INFO - Total number of testcases: 1
20230411 12:16:38.189 - INFO - +- END SETUP: tm.Testsuite Setup (31)
------------------------------------------------------------------------------
20230411 12:16:38.189 - INFO - +- START TEST: Test Case tsm-testfile-10-fail [ ]
------------------------------------------------------------------------------
20230411 12:16:38.190 - INFO - +-- START SETUP: tm.Testcase Setup [ ]
20230411 12:16:38.190 - INFO - Test Count: 1
20230411 12:16:38.191 - INFO - +-- END SETUP: tm.Testcase Setup (1)
~~~~~~~~~~~~~~~~~~~~~~~~~~~~~~~~~~~~~~~~~~~~~~~~~~~~~~~~~~~~~~~~~~~~~~~~~~~~~~
20230411 12:16:38.191 - INFO - +-- START KEYWORD: rf.extensions.Pretty Print [ ${CONFIG.Project} | PARAMS-VERIFIKATION : ({CONFIG.Project} / tsm-testfile-10-fail) ]
20230411 12:16:38.191 - INFO - PARAMS-VERIFIKATION : ({CONFIG.Project} / tsm-testfile-10-fail) : [STR]  :  'tsm-test_config_variant1'
20230411 12:16:38.192 - INFO - +-- END KEYWORD: rf.extensions.Pretty Print (1)
~~~~~~~~~~~~~~~~~~~~~~~~~~~~~~~~~~~~~~~~~~~~~~~~~~~~~~~~~~~~~~~~~~~~~~~~~~~~~~
20230411 12:16:38.192 - INFO - +-- START KEYWORD: rf.extensions.Pretty Print [ ${teststring_common} | PARAMS-VERIFIKATION : ({teststring_common} / tsm-testfile-10-fail) ]
20230411 12:16:38.192 - INFO - PARAMS-VERIFIKATION : ({teststring_common} / tsm-testfile-10-fail) : [STR]  :  'I am the common teststring valid for all variants and all test benches'
20230411 12:16:38.193 - INFO - +-- END KEYWORD: rf.extensions.Pretty Print (1)
~~~~~~~~~~~~~~~~~~~~~~~~~~~~~~~~~~~~~~~~~~~~~~~~~~~~~~~~~~~~~~~~~~~~~~~~~~~~~~
20230411 12:16:38.193 - INFO - +-- START KEYWORD: rf.extensions.Pretty Print [ ${teststring_variant} | PARAMS-VERIFIKATION : ({teststring_variant} / tsm-testfile-10-fail) ]
20230411 12:16:38.194 - INFO - PARAMS-VERIFIKATION : ({teststring_variant} / tsm-testfile-10-fail) : [STR]  :  'I am the 'variant1' configuration of tsm-test'
20230411 12:16:38.194 - INFO - +-- END KEYWORD: rf.extensions.Pretty Print (1)
~~~~~~~~~~~~~~~~~~~~~~~~~~~~~~~~~~~~~~~~~~~~~~~~~~~~~~~~~~~~~~~~~~~~~~~~~~~~~~
20230411 12:16:38.194 - INFO - +-- START KEYWORD: rf.extensions.Pretty Print [ ${teststring_bench} | PARAMS-VERIFIKATION : ({teststring_bench} / tsm-testfile-10-fail) ]
20230411 12:16:38.195 - INFO - PARAMS-VERIFIKATION : ({teststring_bench} / tsm-testfile-10-fail) : [STR]  :  'I am the teststring containing the default value for all test benches'
20230411 12:16:38.195 - INFO - +-- END KEYWORD: rf.extensions.Pretty Print (1)
~~~~~~~~~~~~~~~~~~~~~~~~~~~~~~~~~~~~~~~~~~~~~~~~~~~~~~~~~~~~~~~~~~~~~~~~~~~~~~
20230411 12:16:38.195 - INFO - +-- START KEYWORD: BuiltIn.Fail [ ]
20230411 12:16:38.196 - FAIL - AssertionError
20230411 12:16:38.196 - DEBUG - Traceback (most recent call last):
  None
20230411 12:16:38.196 - INFO - +-- END KEYWORD: BuiltIn.Fail (1)
~~~~~~~~~~~~~~~~~~~~~~~~~~~~~~~~~~~~~~~~~~~~~~~~~~~~~~~~~~~~~~~~~~~~~~~~~~~~~~
20230411 12:16:38.196 - INFO - +-- START KEYWORD: BuiltIn.Log [ I must not be executed | console=yes ]
20230411 12:16:38.197 - INFO - +-- END KEYWORD: BuiltIn.Log (0)
~~~~~~~~~~~~~~~~~~~~~~~~~~~~~~~~~~~~~~~~~~~~~~~~~~~~~~~~~~~~~~~~~~~~~~~~~~~~~~
20230411 12:16:38.197 - INFO - +-- START TEARDOWN: tm.Testcase Teardown [ ]
20230411 12:16:38.197 - INFO - testcase_teardown: Will be implemented later
20230411 12:16:38.197 - INFO - +-- END TEARDOWN: tm.Testcase Teardown (0)
------------------------------------------------------------------------------
20230411 12:16:38.199 - INFO - +- END TEST: Test Case tsm-testfile-10-fail (8)
------------------------------------------------------------------------------
20230411 12:16:38.199 - INFO - +- START TEARDOWN: tm.Testsuite Teardown [ ]
20230411 12:16:38.199 - INFO - testsuite_teardown: Will be implemented later
20230411 12:16:38.199 - INFO - +- END TEARDOWN: tm.Testsuite Teardown (0)
==============================================================================
20230411 12:16:38.202 - INFO - + END SUITE: Tsm-Testfile-10-Fail (153)
==============================================================================
