<?xml version="1.0" encoding="UTF-8"?>
<robot generator="Robot 4.1.3 (Python 3.9.16 on win32)" generated="20230331 13:49:18.093" rpa="false" schemaversion="2">
<suite id="s1" name="Tsm-Testfile-08-Fail" source="C:\RobotTest\projects\ROBFW_AIO\robotframework-testsuitesmanagement\test\testfiles\tsm-testfile-08-fail.robot">
<kw name="Testsuite Setup" library="tm" type="SETUP">
<arg>./config/tsm-test_variants.json</arg>
<doc>This testsuite_setup defines the ``Testsuite Setup`` which is used to loads the RobotFramework AIO configuration,
checks the version of RobotFramework AIO, and logs out the basic information of the robot run.</doc>
<msg timestamp="20230331 13:49:18.240" level="INFO">Set suite metadata 'project' to value 'RobotFramework Testsuites'.</msg>
<msg timestamp="20230331 13:49:18.241" level="INFO">Set suite metadata 'machine' to value 'HI7-C-0005Y'.</msg>
<msg timestamp="20230331 13:49:18.243" level="INFO">Set suite metadata 'tester' to value 'Queckenstedt Holger (XC-CT/ECA3)'.</msg>
<msg timestamp="20230331 13:49:18.243" level="INFO">Set suite metadata 'testtool' to value 'Robot Framework 4.1.3 (Python 3.9.16 on win32)'.</msg>
<msg timestamp="20230331 13:49:18.243" level="INFO">Set suite metadata 'version' to value '0.7.0'.</msg>
<msg timestamp="20230331 13:49:18.243" level="INFO">Set suite metadata 'version_sw' to value ''.</msg>
<msg timestamp="20230331 13:49:18.243" level="INFO">Set suite metadata 'version_hw' to value ''.</msg>
<msg timestamp="20230331 13:49:18.243" level="INFO">Set suite metadata 'version_test' to value ''.</msg>
<msg timestamp="20230331 13:49:18.244" level="INFO">${teststring_common} = I am the common teststring valid for all variants and all test benches</msg>
<msg timestamp="20230331 13:49:18.244" level="INFO">${teststring_bench} = I am the teststring containing the default value for all test benches</msg>
<msg timestamp="20230331 13:49:18.245" level="INFO">${teststring_variant} = I am the 'variant1' configuration of tsm-test</msg>
<msg timestamp="20230331 13:49:18.245" level="INFO">${CONFIG} = {'WelcomeString': 'Hello... Robot Framework is running now!', 'Maximum_version': '1.0.0', 'Minimum_version': '0.6.0', 'Project': 'RobotFramework Testsuites', 'TargetName': 'Device_01', 'params': {}}</msg>
<msg timestamp="20230331 13:49:18.245" level="INFO">Running with configuration level 2</msg>
<msg timestamp="20230331 13:49:18.246" level="INFO">Parameters loaded from 'C:\RobotTest\projects\ROBFW_AIO\robotframework-testsuitesmanagement\test\testfiles\config\tsm-test_config_variant1.json'</msg>
<msg timestamp="20230331 13:49:18.246" level="INFO">Robot Framework AIO version check passed!</msg>
<msg timestamp="20230331 13:49:18.246" level="INFO">Suite Path: 'C:\RobotTest\projects\ROBFW_AIO\robotframework-testsuitesmanagement\test\testfiles\'</msg>
<msg timestamp="20230331 13:49:18.246" level="INFO">CfgFile Path: 'C:\RobotTest\projects\ROBFW_AIO\robotframework-testsuitesmanagement\test\testfiles\config\tsm-test_config_variant1.json'</msg>
<msg timestamp="20230331 13:49:18.246" level="INFO">Number of test suites: 1</msg>
<msg timestamp="20230331 13:49:18.246" level="INFO">Total number of testcases: 1</msg>
<status status="PASS" starttime="20230331 13:49:18.213" endtime="20230331 13:49:18.246"/>
</kw>
<test id="s1-t1" name="Test Case tsm-testfile-08-fail">
<kw name="Testcase Setup" library="tm" type="SETUP">
<doc>This testcase_setup defines the ``Testcase Setup`` keyword, currently this keyword does nothing,
it's defined here for future requirements.</doc>
<msg timestamp="20230331 13:49:18.247" level="INFO">Test Count: 1</msg>
<status status="PASS" starttime="20230331 13:49:18.247" endtime="20230331 13:49:18.248"/>
</kw>
<kw name="Log" library="BuiltIn">
<arg>teststring_common : ${teststring_common} (tsm-testfile-08-fail.robot)</arg>
<arg>console=yes</arg>
<doc>Logs the given message with the given level.</doc>
<msg timestamp="20230331 13:49:18.248" level="INFO">teststring_common : I am the common teststring valid for all variants and all test benches (tsm-testfile-08-fail.robot)</msg>
<status status="PASS" starttime="20230331 13:49:18.248" endtime="20230331 13:49:18.248"/>
</kw>
<kw name="Log" library="BuiltIn">
<arg>teststring_variant : ${teststring_variant} (tsm-testfile-08-fail.robot)</arg>
<arg>console=yes</arg>
<doc>Logs the given message with the given level.</doc>
<msg timestamp="20230331 13:49:18.252" level="INFO">teststring_variant : I am the 'variant1' configuration of tsm-test (tsm-testfile-08-fail.robot)</msg>
<status status="PASS" starttime="20230331 13:49:18.252" endtime="20230331 13:49:18.253"/>
</kw>
<kw name="Log" library="BuiltIn">
<arg>teststring_bench : ${teststring_bench} (tsm-testfile-08-fail.robot)</arg>
<arg>console=yes</arg>
<doc>Logs the given message with the given level.</doc>
<msg timestamp="20230331 13:49:18.253" level="INFO">teststring_bench : I am the teststring containing the default value for all test benches (tsm-testfile-08-fail.robot)</msg>
<status status="PASS" starttime="20230331 13:49:18.253" endtime="20230331 13:49:18.254"/>
</kw>
<kw name="Fail" library="BuiltIn">
<doc>Fails the test with the given message and optionally alters its tags.</doc>
<msg timestamp="20230331 13:49:18.258" level="FAIL">AssertionError</msg>
<status status="FAIL" starttime="20230331 13:49:18.257" endtime="20230331 13:49:18.258"/>
</kw>
<kw name="Log" library="BuiltIn">
<arg>I must not be executed</arg>
<arg>console=yes</arg>
<doc>Logs the given message with the given level.</doc>
<status status="NOT RUN" starttime="20230331 13:49:18.259" endtime="20230331 13:49:18.259"/>
</kw>
<kw name="Testcase Teardown" library="tm" type="TEARDOWN">
<doc>This testcase_teardown defines the ``Testcase Teardown`` keyword, currently this keyword does nothing,
it's defined here for future requirements.</doc>
<msg timestamp="20230331 13:49:18.259" level="INFO">testcase_teardown: Will be implemented later</msg>
<status status="PASS" starttime="20230331 13:49:18.259" endtime="20230331 13:49:18.260"/>
</kw>
<doc>tsm-testfile-08-fail</doc>
<status status="FAIL" starttime="20230331 13:49:18.246" endtime="20230331 13:49:18.260">AssertionError</status>
</test>
<kw name="Testsuite Teardown" library="tm" type="TEARDOWN">
<doc>This testsuite_teardown defines the ``Testsuite Teardown`` keyword, currently this keyword does nothing,
it's defined here for future requirements.</doc>
<msg timestamp="20230331 13:49:18.267" level="INFO">testsuite_teardown: Will be implemented later</msg>
<status status="PASS" starttime="20230331 13:49:18.267" endtime="20230331 13:49:18.267"/>
</kw>
<meta name="machine">HI7-C-0005Y</meta>
<meta name="project">RobotFramework Testsuites</meta>
<meta name="tester">Queckenstedt Holger (XC-CT/ECA3)</meta>
<meta name="testtool">Robot Framework 4.1.3 (Python 3.9.16 on win32)</meta>
<meta name="version">0.7.0</meta>
<meta name="version_hw"/>
<meta name="version_sw"/>
<meta name="version_test"/>
<status status="FAIL" starttime="20230331 13:49:18.097" endtime="20230331 13:49:18.267"/>
</suite>
<statistics>
<total>
<stat pass="0" fail="1" skip="0" unknown="0">All Tests</stat>
</total>
<tag>
</tag>
<suite>
<stat pass="0" fail="1" skip="0" unknown="0" id="s1" name="Tsm-Testfile-08-Fail">Tsm-Testfile-08-Fail</stat>
</suite>
</statistics>
<errors>
</errors>
</robot>
