<?xml version="1.0" encoding="UTF-8"?>
<robot generator="Robot 4.1.3 (Python 3.9.16 on win32)" generated="20230412 13:25:25.542" rpa="false" schemaversion="2">
<suite id="s1" name="Tsm-Testfile-18-Several Tests" source="C:\RobotTest\projects\ROBFW_AIO\robotframework-testsuitesmanagement\test\testfiles\tsm-testfile-18-several_tests.robot">
<kw name="Testsuite Setup" library="tm" type="SETUP">
<arg>./config/tsm-test_variants.json</arg>
<doc>This testsuite_setup defines the ``Testsuite Setup`` which is used to loads the RobotFramework AIO configuration,
checks the version of RobotFramework AIO, and logs out the basic information of the robot run.</doc>
<msg timestamp="20230412 13:25:25.680" level="INFO">Set suite metadata 'project' to value 'tsm-test_config_variant1'.</msg>
<msg timestamp="20230412 13:25:25.680" level="INFO">Set suite metadata 'machine' to value 'HI7-C-0005Y'.</msg>
<msg timestamp="20230412 13:25:25.680" level="INFO">Set suite metadata 'tester' to value 'Queckenstedt Holger (XC-CT/ECA3)'.</msg>
<msg timestamp="20230412 13:25:25.680" level="INFO">Set suite metadata 'testtool' to value 'Robot Framework 4.1.3 (Python 3.9.16 on win32)'.</msg>
<msg timestamp="20230412 13:25:25.680" level="INFO">Set suite metadata 'version' to value '0.7.0'.</msg>
<msg timestamp="20230412 13:25:25.680" level="INFO">Set suite metadata 'version_sw' to value ''.</msg>
<msg timestamp="20230412 13:25:25.680" level="INFO">Set suite metadata 'version_hw' to value ''.</msg>
<msg timestamp="20230412 13:25:25.680" level="INFO">Set suite metadata 'version_test' to value ''.</msg>
<msg timestamp="20230412 13:25:25.680" level="INFO">${teststring_common} = I am the common teststring valid for all variants and all test benches</msg>
<msg timestamp="20230412 13:25:25.680" level="INFO">${teststring_bench} = I am the teststring containing the default value for all test benches</msg>
<msg timestamp="20230412 13:25:25.680" level="INFO">${teststring_variant} = I am the 'variant1' configuration of tsm-test</msg>
<msg timestamp="20230412 13:25:25.680" level="INFO">${CONFIG} = {'WelcomeString': 'Hello... Robot Framework is running now!', 'Maximum_version': '1.0.0', 'Minimum_version': '0.6.0', 'Project': 'tsm-test_config_variant1', 'TargetName': 'Device_01', 'params': {}}</msg>
<msg timestamp="20230412 13:25:25.680" level="INFO">Running with configuration level 2</msg>
<msg timestamp="20230412 13:25:25.680" level="INFO">Parameters loaded from 'C:\RobotTest\projects\ROBFW_AIO\robotframework-testsuitesmanagement\test\testfiles\config\tsm-test_config_variant1.json'</msg>
<msg timestamp="20230412 13:25:25.680" level="INFO">Robot Framework AIO version check passed!</msg>
<msg timestamp="20230412 13:25:25.680" level="INFO">Suite Path: 'C:\RobotTest\projects\ROBFW_AIO\robotframework-testsuitesmanagement\test\testfiles\'</msg>
<msg timestamp="20230412 13:25:25.680" level="INFO">CfgFile Path: 'C:\RobotTest\projects\ROBFW_AIO\robotframework-testsuitesmanagement\test\testfiles\config\tsm-test_config_variant1.json'</msg>
<msg timestamp="20230412 13:25:25.680" level="INFO">Number of test suites: 1</msg>
<msg timestamp="20230412 13:25:25.680" level="INFO">Total number of testcases: 9</msg>
<status status="PASS" starttime="20230412 13:25:25.652" endtime="20230412 13:25:25.680"/>
</kw>
<test id="s1-t1" name="Test Case tsm-testfile-18-several_tests-1-passed">
<kw name="Testcase Setup" library="tm" type="SETUP">
<doc>This testcase_setup defines the ``Testcase Setup`` keyword, currently this keyword does nothing,
it's defined here for future requirements.</doc>
<msg timestamp="20230412 13:25:25.680" level="INFO">Test Count: 1</msg>
<status status="PASS" starttime="20230412 13:25:25.680" endtime="20230412 13:25:25.680"/>
</kw>
<kw name="Pretty Print" library="rf.extensions">
<arg>${CONFIG.Project}</arg>
<arg>PARAMS-VERIFIKATION : ({CONFIG.Project} / tsm-testfile-18-several_tests-1-passed)</arg>
<doc>The ``pretty_print`` keyword logs the content of parameters of any Python data type (input: ``oData``).</doc>
<msg timestamp="20230412 13:25:25.680" level="INFO">PARAMS-VERIFIKATION : ({CONFIG.Project} / tsm-testfile-18-several_tests-1-passed) : [STR]  :  'tsm-test_config_variant1'</msg>
<status status="PASS" starttime="20230412 13:25:25.680" endtime="20230412 13:25:25.680"/>
</kw>
<kw name="Pretty Print" library="rf.extensions">
<arg>${teststring_common}</arg>
<arg>PARAMS-VERIFIKATION : ({teststring_common} / tsm-testfile-18-several_tests-1-passed)</arg>
<doc>The ``pretty_print`` keyword logs the content of parameters of any Python data type (input: ``oData``).</doc>
<msg timestamp="20230412 13:25:25.696" level="INFO">PARAMS-VERIFIKATION : ({teststring_common} / tsm-testfile-18-several_tests-1-passed) : [STR]  :  'I am the common teststring valid for all variants and all test benches'</msg>
<status status="PASS" starttime="20230412 13:25:25.696" endtime="20230412 13:25:25.696"/>
</kw>
<kw name="Pretty Print" library="rf.extensions">
<arg>${teststring_variant}</arg>
<arg>PARAMS-VERIFIKATION : ({teststring_variant} / tsm-testfile-18-several_tests-1-passed)</arg>
<doc>The ``pretty_print`` keyword logs the content of parameters of any Python data type (input: ``oData``).</doc>
<msg timestamp="20230412 13:25:25.696" level="INFO">PARAMS-VERIFIKATION : ({teststring_variant} / tsm-testfile-18-several_tests-1-passed) : [STR]  :  'I am the 'variant1' configuration of tsm-test'</msg>
<status status="PASS" starttime="20230412 13:25:25.696" endtime="20230412 13:25:25.696"/>
</kw>
<kw name="Pretty Print" library="rf.extensions">
<arg>${teststring_bench}</arg>
<arg>PARAMS-VERIFIKATION : ({teststring_bench} / tsm-testfile-18-several_tests-1-passed)</arg>
<doc>The ``pretty_print`` keyword logs the content of parameters of any Python data type (input: ``oData``).</doc>
<msg timestamp="20230412 13:25:25.696" level="INFO">PARAMS-VERIFIKATION : ({teststring_bench} / tsm-testfile-18-several_tests-1-passed) : [STR]  :  'I am the teststring containing the default value for all test benches'</msg>
<status status="PASS" starttime="20230412 13:25:25.696" endtime="20230412 13:25:25.696"/>
</kw>
<kw name="Testcase Teardown" library="tm" type="TEARDOWN">
<doc>This testcase_teardown defines the ``Testcase Teardown`` keyword, currently this keyword does nothing,
it's defined here for future requirements.</doc>
<msg timestamp="20230412 13:25:25.696" level="INFO">testcase_teardown: Will be implemented later</msg>
<status status="PASS" starttime="20230412 13:25:25.696" endtime="20230412 13:25:25.696"/>
</kw>
<doc>tsm-testfile-18-several_tests-1-passed</doc>
<status status="PASS" starttime="20230412 13:25:25.680" endtime="20230412 13:25:25.696"/>
</test>
<test id="s1-t2" name="Test Case tsm-testfile-18-several_tests-2-passed">
<kw name="Testcase Setup" library="tm" type="SETUP">
<doc>This testcase_setup defines the ``Testcase Setup`` keyword, currently this keyword does nothing,
it's defined here for future requirements.</doc>
<msg timestamp="20230412 13:25:25.696" level="INFO">Test Count: 2</msg>
<status status="PASS" starttime="20230412 13:25:25.696" endtime="20230412 13:25:25.696"/>
</kw>
<kw name="Pretty Print" library="rf.extensions">
<arg>${CONFIG.Project}</arg>
<arg>PARAMS-VERIFIKATION : ({CONFIG.Project} / tsm-testfile-18-several_tests-2-passed)</arg>
<doc>The ``pretty_print`` keyword logs the content of parameters of any Python data type (input: ``oData``).</doc>
<msg timestamp="20230412 13:25:25.696" level="INFO">PARAMS-VERIFIKATION : ({CONFIG.Project} / tsm-testfile-18-several_tests-2-passed) : [STR]  :  'tsm-test_config_variant1'</msg>
<status status="PASS" starttime="20230412 13:25:25.696" endtime="20230412 13:25:25.696"/>
</kw>
<kw name="Pretty Print" library="rf.extensions">
<arg>${teststring_common}</arg>
<arg>PARAMS-VERIFIKATION : ({teststring_common} / tsm-testfile-18-several_tests-2-passed)</arg>
<doc>The ``pretty_print`` keyword logs the content of parameters of any Python data type (input: ``oData``).</doc>
<msg timestamp="20230412 13:25:25.696" level="INFO">PARAMS-VERIFIKATION : ({teststring_common} / tsm-testfile-18-several_tests-2-passed) : [STR]  :  'I am the common teststring valid for all variants and all test benches'</msg>
<status status="PASS" starttime="20230412 13:25:25.696" endtime="20230412 13:25:25.696"/>
</kw>
<kw name="Pretty Print" library="rf.extensions">
<arg>${teststring_variant}</arg>
<arg>PARAMS-VERIFIKATION : ({teststring_variant} / tsm-testfile-18-several_tests-2-passed)</arg>
<doc>The ``pretty_print`` keyword logs the content of parameters of any Python data type (input: ``oData``).</doc>
<msg timestamp="20230412 13:25:25.696" level="INFO">PARAMS-VERIFIKATION : ({teststring_variant} / tsm-testfile-18-several_tests-2-passed) : [STR]  :  'I am the 'variant1' configuration of tsm-test'</msg>
<status status="PASS" starttime="20230412 13:25:25.696" endtime="20230412 13:25:25.696"/>
</kw>
<kw name="Pretty Print" library="rf.extensions">
<arg>${teststring_bench}</arg>
<arg>PARAMS-VERIFIKATION : ({teststring_bench} / tsm-testfile-18-several_tests-2-passed)</arg>
<doc>The ``pretty_print`` keyword logs the content of parameters of any Python data type (input: ``oData``).</doc>
<msg timestamp="20230412 13:25:25.712" level="INFO">PARAMS-VERIFIKATION : ({teststring_bench} / tsm-testfile-18-several_tests-2-passed) : [STR]  :  'I am the teststring containing the default value for all test benches'</msg>
<status status="PASS" starttime="20230412 13:25:25.712" endtime="20230412 13:25:25.712"/>
</kw>
<kw name="Testcase Teardown" library="tm" type="TEARDOWN">
<doc>This testcase_teardown defines the ``Testcase Teardown`` keyword, currently this keyword does nothing,
it's defined here for future requirements.</doc>
<msg timestamp="20230412 13:25:25.712" level="INFO">testcase_teardown: Will be implemented later</msg>
<status status="PASS" starttime="20230412 13:25:25.712" endtime="20230412 13:25:25.712"/>
</kw>
<doc>tsm-testfile-18-several_tests-2-passed</doc>
<status status="PASS" starttime="20230412 13:25:25.696" endtime="20230412 13:25:25.712"/>
</test>
<test id="s1-t3" name="Test Case tsm-testfile-18-several_tests-3-failed">
<kw name="Testcase Setup" library="tm" type="SETUP">
<doc>This testcase_setup defines the ``Testcase Setup`` keyword, currently this keyword does nothing,
it's defined here for future requirements.</doc>
<msg timestamp="20230412 13:25:25.712" level="INFO">Test Count: 3</msg>
<status status="PASS" starttime="20230412 13:25:25.712" endtime="20230412 13:25:25.712"/>
</kw>
<kw name="Pretty Print" library="rf.extensions">
<arg>${CONFIG.Project}</arg>
<arg>PARAMS-VERIFIKATION : ({CONFIG.Project} / tsm-testfile-18-several_tests-3-failed)</arg>
<doc>The ``pretty_print`` keyword logs the content of parameters of any Python data type (input: ``oData``).</doc>
<msg timestamp="20230412 13:25:25.712" level="INFO">PARAMS-VERIFIKATION : ({CONFIG.Project} / tsm-testfile-18-several_tests-3-failed) : [STR]  :  'tsm-test_config_variant1'</msg>
<status status="PASS" starttime="20230412 13:25:25.712" endtime="20230412 13:25:25.712"/>
</kw>
<kw name="Pretty Print" library="rf.extensions">
<arg>${teststring_common}</arg>
<arg>PARAMS-VERIFIKATION : ({teststring_common} / tsm-testfile-18-several_tests-3-failed)</arg>
<doc>The ``pretty_print`` keyword logs the content of parameters of any Python data type (input: ``oData``).</doc>
<msg timestamp="20230412 13:25:25.712" level="INFO">PARAMS-VERIFIKATION : ({teststring_common} / tsm-testfile-18-several_tests-3-failed) : [STR]  :  'I am the common teststring valid for all variants and all test benches'</msg>
<status status="PASS" starttime="20230412 13:25:25.712" endtime="20230412 13:25:25.712"/>
</kw>
<kw name="Pretty Print" library="rf.extensions">
<arg>${teststring_variant}</arg>
<arg>PARAMS-VERIFIKATION : ({teststring_variant} / tsm-testfile-18-several_tests-3-failed)</arg>
<doc>The ``pretty_print`` keyword logs the content of parameters of any Python data type (input: ``oData``).</doc>
<msg timestamp="20230412 13:25:25.712" level="INFO">PARAMS-VERIFIKATION : ({teststring_variant} / tsm-testfile-18-several_tests-3-failed) : [STR]  :  'I am the 'variant1' configuration of tsm-test'</msg>
<status status="PASS" starttime="20230412 13:25:25.712" endtime="20230412 13:25:25.712"/>
</kw>
<kw name="Pretty Print" library="rf.extensions">
<arg>${teststring_bench}</arg>
<arg>PARAMS-VERIFIKATION : ({teststring_bench} / tsm-testfile-18-several_tests-3-failed)</arg>
<doc>The ``pretty_print`` keyword logs the content of parameters of any Python data type (input: ``oData``).</doc>
<msg timestamp="20230412 13:25:25.712" level="INFO">PARAMS-VERIFIKATION : ({teststring_bench} / tsm-testfile-18-several_tests-3-failed) : [STR]  :  'I am the teststring containing the default value for all test benches'</msg>
<status status="PASS" starttime="20230412 13:25:25.712" endtime="20230412 13:25:25.712"/>
</kw>
<kw name="Fail" library="BuiltIn">
<doc>Fails the test with the given message and optionally alters its tags.</doc>
<msg timestamp="20230412 13:25:25.712" level="FAIL">AssertionError</msg>
<status status="FAIL" starttime="20230412 13:25:25.712" endtime="20230412 13:25:25.712"/>
</kw>
<kw name="Log" library="BuiltIn">
<arg>I must not be executed</arg>
<arg>console=yes</arg>
<doc>Logs the given message with the given level.</doc>
<status status="NOT RUN" starttime="20230412 13:25:25.712" endtime="20230412 13:25:25.712"/>
</kw>
<kw name="Testcase Teardown" library="tm" type="TEARDOWN">
<doc>This testcase_teardown defines the ``Testcase Teardown`` keyword, currently this keyword does nothing,
it's defined here for future requirements.</doc>
<msg timestamp="20230412 13:25:25.712" level="INFO">testcase_teardown: Will be implemented later</msg>
<status status="PASS" starttime="20230412 13:25:25.712" endtime="20230412 13:25:25.712"/>
</kw>
<doc>tsm-testfile-18-several_tests-3-failed</doc>
<status status="FAIL" starttime="20230412 13:25:25.712" endtime="20230412 13:25:25.727">AssertionError</status>
</test>
<test id="s1-t4" name="Test Case tsm-testfile-18-several_tests-4-failed">
<kw name="Testcase Setup" library="tm" type="SETUP">
<doc>This testcase_setup defines the ``Testcase Setup`` keyword, currently this keyword does nothing,
it's defined here for future requirements.</doc>
<msg timestamp="20230412 13:25:25.727" level="INFO">Test Count: 4</msg>
<status status="PASS" starttime="20230412 13:25:25.727" endtime="20230412 13:25:25.727"/>
</kw>
<kw name="Pretty Print" library="rf.extensions">
<arg>${CONFIG.Project}</arg>
<arg>PARAMS-VERIFIKATION : ({CONFIG.Project} / tsm-testfile-18-several_tests-4-failed)</arg>
<doc>The ``pretty_print`` keyword logs the content of parameters of any Python data type (input: ``oData``).</doc>
<msg timestamp="20230412 13:25:25.727" level="INFO">PARAMS-VERIFIKATION : ({CONFIG.Project} / tsm-testfile-18-several_tests-4-failed) : [STR]  :  'tsm-test_config_variant1'</msg>
<status status="PASS" starttime="20230412 13:25:25.727" endtime="20230412 13:25:25.727"/>
</kw>
<kw name="Pretty Print" library="rf.extensions">
<arg>${teststring_common}</arg>
<arg>PARAMS-VERIFIKATION : ({teststring_common} / tsm-testfile-18-several_tests-4-failed)</arg>
<doc>The ``pretty_print`` keyword logs the content of parameters of any Python data type (input: ``oData``).</doc>
<msg timestamp="20230412 13:25:25.727" level="INFO">PARAMS-VERIFIKATION : ({teststring_common} / tsm-testfile-18-several_tests-4-failed) : [STR]  :  'I am the common teststring valid for all variants and all test benches'</msg>
<status status="PASS" starttime="20230412 13:25:25.727" endtime="20230412 13:25:25.743"/>
</kw>
<kw name="Pretty Print" library="rf.extensions">
<arg>${teststring_variant}</arg>
<arg>PARAMS-VERIFIKATION : ({teststring_variant} / tsm-testfile-18-several_tests-4-failed)</arg>
<doc>The ``pretty_print`` keyword logs the content of parameters of any Python data type (input: ``oData``).</doc>
<msg timestamp="20230412 13:25:25.743" level="INFO">PARAMS-VERIFIKATION : ({teststring_variant} / tsm-testfile-18-several_tests-4-failed) : [STR]  :  'I am the 'variant1' configuration of tsm-test'</msg>
<status status="PASS" starttime="20230412 13:25:25.743" endtime="20230412 13:25:25.743"/>
</kw>
<kw name="Pretty Print" library="rf.extensions">
<arg>${teststring_bench}</arg>
<arg>PARAMS-VERIFIKATION : ({teststring_bench} / tsm-testfile-18-several_tests-4-failed)</arg>
<doc>The ``pretty_print`` keyword logs the content of parameters of any Python data type (input: ``oData``).</doc>
<msg timestamp="20230412 13:25:25.743" level="INFO">PARAMS-VERIFIKATION : ({teststring_bench} / tsm-testfile-18-several_tests-4-failed) : [STR]  :  'I am the teststring containing the default value for all test benches'</msg>
<status status="PASS" starttime="20230412 13:25:25.743" endtime="20230412 13:25:25.743"/>
</kw>
<kw name="Fail" library="BuiltIn">
<doc>Fails the test with the given message and optionally alters its tags.</doc>
<msg timestamp="20230412 13:25:25.743" level="FAIL">AssertionError</msg>
<status status="FAIL" starttime="20230412 13:25:25.743" endtime="20230412 13:25:25.743"/>
</kw>
<kw name="Log" library="BuiltIn">
<arg>I must not be executed</arg>
<arg>console=yes</arg>
<doc>Logs the given message with the given level.</doc>
<status status="NOT RUN" starttime="20230412 13:25:25.743" endtime="20230412 13:25:25.743"/>
</kw>
<kw name="Testcase Teardown" library="tm" type="TEARDOWN">
<doc>This testcase_teardown defines the ``Testcase Teardown`` keyword, currently this keyword does nothing,
it's defined here for future requirements.</doc>
<msg timestamp="20230412 13:25:25.743" level="INFO">testcase_teardown: Will be implemented later</msg>
<status status="PASS" starttime="20230412 13:25:25.743" endtime="20230412 13:25:25.743"/>
</kw>
<doc>tsm-testfile-18-several_tests-4-failed</doc>
<status status="FAIL" starttime="20230412 13:25:25.727" endtime="20230412 13:25:25.743">AssertionError</status>
</test>
<test id="s1-t5" name="Test Case tsm-testfile-18-several_tests-5-failed">
<kw name="Testcase Setup" library="tm" type="SETUP">
<doc>This testcase_setup defines the ``Testcase Setup`` keyword, currently this keyword does nothing,
it's defined here for future requirements.</doc>
<msg timestamp="20230412 13:25:25.759" level="INFO">Test Count: 5</msg>
<status status="PASS" starttime="20230412 13:25:25.759" endtime="20230412 13:25:25.759"/>
</kw>
<kw name="Pretty Print" library="rf.extensions">
<arg>${CONFIG.Project}</arg>
<arg>PARAMS-VERIFIKATION : ({CONFIG.Project} / tsm-testfile-18-several_tests-5-failed)</arg>
<doc>The ``pretty_print`` keyword logs the content of parameters of any Python data type (input: ``oData``).</doc>
<msg timestamp="20230412 13:25:25.759" level="INFO">PARAMS-VERIFIKATION : ({CONFIG.Project} / tsm-testfile-18-several_tests-5-failed) : [STR]  :  'tsm-test_config_variant1'</msg>
<status status="PASS" starttime="20230412 13:25:25.759" endtime="20230412 13:25:25.759"/>
</kw>
<kw name="Pretty Print" library="rf.extensions">
<arg>${teststring_common}</arg>
<arg>PARAMS-VERIFIKATION : ({teststring_common} / tsm-testfile-18-several_tests-5-failed)</arg>
<doc>The ``pretty_print`` keyword logs the content of parameters of any Python data type (input: ``oData``).</doc>
<msg timestamp="20230412 13:25:25.759" level="INFO">PARAMS-VERIFIKATION : ({teststring_common} / tsm-testfile-18-several_tests-5-failed) : [STR]  :  'I am the common teststring valid for all variants and all test benches'</msg>
<status status="PASS" starttime="20230412 13:25:25.759" endtime="20230412 13:25:25.759"/>
</kw>
<kw name="Pretty Print" library="rf.extensions">
<arg>${teststring_variant}</arg>
<arg>PARAMS-VERIFIKATION : ({teststring_variant} / tsm-testfile-18-several_tests-5-failed)</arg>
<doc>The ``pretty_print`` keyword logs the content of parameters of any Python data type (input: ``oData``).</doc>
<msg timestamp="20230412 13:25:25.759" level="INFO">PARAMS-VERIFIKATION : ({teststring_variant} / tsm-testfile-18-several_tests-5-failed) : [STR]  :  'I am the 'variant1' configuration of tsm-test'</msg>
<status status="PASS" starttime="20230412 13:25:25.759" endtime="20230412 13:25:25.759"/>
</kw>
<kw name="Pretty Print" library="rf.extensions">
<arg>${teststring_bench}</arg>
<arg>PARAMS-VERIFIKATION : ({teststring_bench} / tsm-testfile-18-several_tests-5-failed)</arg>
<doc>The ``pretty_print`` keyword logs the content of parameters of any Python data type (input: ``oData``).</doc>
<msg timestamp="20230412 13:25:25.759" level="INFO">PARAMS-VERIFIKATION : ({teststring_bench} / tsm-testfile-18-several_tests-5-failed) : [STR]  :  'I am the teststring containing the default value for all test benches'</msg>
<status status="PASS" starttime="20230412 13:25:25.759" endtime="20230412 13:25:25.759"/>
</kw>
<kw name="Fail" library="BuiltIn">
<doc>Fails the test with the given message and optionally alters its tags.</doc>
<msg timestamp="20230412 13:25:25.759" level="FAIL">AssertionError</msg>
<status status="FAIL" starttime="20230412 13:25:25.759" endtime="20230412 13:25:25.759"/>
</kw>
<kw name="Log" library="BuiltIn">
<arg>I must not be executed</arg>
<arg>console=yes</arg>
<doc>Logs the given message with the given level.</doc>
<status status="NOT RUN" starttime="20230412 13:25:25.759" endtime="20230412 13:25:25.759"/>
</kw>
<kw name="Testcase Teardown" library="tm" type="TEARDOWN">
<doc>This testcase_teardown defines the ``Testcase Teardown`` keyword, currently this keyword does nothing,
it's defined here for future requirements.</doc>
<msg timestamp="20230412 13:25:25.759" level="INFO">testcase_teardown: Will be implemented later</msg>
<status status="PASS" starttime="20230412 13:25:25.759" endtime="20230412 13:25:25.759"/>
</kw>
<doc>tsm-testfile-18-several_tests-5-failed</doc>
<status status="FAIL" starttime="20230412 13:25:25.743" endtime="20230412 13:25:25.759">AssertionError</status>
</test>
<test id="s1-t6" name="Test Case tsm-testfile-18-several_tests-6-unknown">
<kw name="Testcase Setup" library="tm" type="SETUP">
<doc>This testcase_setup defines the ``Testcase Setup`` keyword, currently this keyword does nothing,
it's defined here for future requirements.</doc>
<msg timestamp="20230412 13:25:25.759" level="INFO">Test Count: 6</msg>
<status status="PASS" starttime="20230412 13:25:25.759" endtime="20230412 13:25:25.759"/>
</kw>
<kw name="Pretty Print" library="rf.extensions">
<arg>${CONFIG.Project}</arg>
<arg>PARAMS-VERIFIKATION : ({CONFIG.Project} / tsm-testfile-18-several_tests-6-unknown)</arg>
<doc>The ``pretty_print`` keyword logs the content of parameters of any Python data type (input: ``oData``).</doc>
<msg timestamp="20230412 13:25:25.774" level="INFO">PARAMS-VERIFIKATION : ({CONFIG.Project} / tsm-testfile-18-several_tests-6-unknown) : [STR]  :  'tsm-test_config_variant1'</msg>
<status status="PASS" starttime="20230412 13:25:25.759" endtime="20230412 13:25:25.774"/>
</kw>
<kw name="Pretty Print" library="rf.extensions">
<arg>${teststring_common}</arg>
<arg>PARAMS-VERIFIKATION : ({teststring_common} / tsm-testfile-18-several_tests-6-unknown)</arg>
<doc>The ``pretty_print`` keyword logs the content of parameters of any Python data type (input: ``oData``).</doc>
<msg timestamp="20230412 13:25:25.774" level="INFO">PARAMS-VERIFIKATION : ({teststring_common} / tsm-testfile-18-several_tests-6-unknown) : [STR]  :  'I am the common teststring valid for all variants and all test benches'</msg>
<status status="PASS" starttime="20230412 13:25:25.774" endtime="20230412 13:25:25.774"/>
</kw>
<kw name="Pretty Print" library="rf.extensions">
<arg>${teststring_variant}</arg>
<arg>PARAMS-VERIFIKATION : ({teststring_variant} / tsm-testfile-18-several_tests-6-unknown)</arg>
<doc>The ``pretty_print`` keyword logs the content of parameters of any Python data type (input: ``oData``).</doc>
<msg timestamp="20230412 13:25:25.774" level="INFO">PARAMS-VERIFIKATION : ({teststring_variant} / tsm-testfile-18-several_tests-6-unknown) : [STR]  :  'I am the 'variant1' configuration of tsm-test'</msg>
<status status="PASS" starttime="20230412 13:25:25.774" endtime="20230412 13:25:25.781"/>
</kw>
<kw name="Pretty Print" library="rf.extensions">
<arg>${teststring_bench}</arg>
<arg>PARAMS-VERIFIKATION : ({teststring_bench} / tsm-testfile-18-several_tests-6-unknown)</arg>
<doc>The ``pretty_print`` keyword logs the content of parameters of any Python data type (input: ``oData``).</doc>
<msg timestamp="20230412 13:25:25.781" level="INFO">PARAMS-VERIFIKATION : ({teststring_bench} / tsm-testfile-18-several_tests-6-unknown) : [STR]  :  'I am the teststring containing the default value for all test benches'</msg>
<status status="PASS" starttime="20230412 13:25:25.781" endtime="20230412 13:25:25.781"/>
</kw>
<kw name="Unknown" library="BuiltIn">
<doc>Unknown the test with the given message and optionally alters its tags.</doc>
<msg timestamp="20230412 13:25:25.781" level="UNKNOWN">Exception occurred.</msg>
<status status="UNKNOWN" starttime="20230412 13:25:25.781" endtime="20230412 13:25:25.781"/>
</kw>
<kw name="Log" library="BuiltIn">
<arg>I must not be executed</arg>
<arg>console=yes</arg>
<doc>Logs the given message with the given level.</doc>
<status status="NOT RUN" starttime="20230412 13:25:25.781" endtime="20230412 13:25:25.781"/>
</kw>
<kw name="Testcase Teardown" library="tm" type="TEARDOWN">
<doc>This testcase_teardown defines the ``Testcase Teardown`` keyword, currently this keyword does nothing,
it's defined here for future requirements.</doc>
<msg timestamp="20230412 13:25:25.781" level="INFO">testcase_teardown: Will be implemented later</msg>
<status status="PASS" starttime="20230412 13:25:25.781" endtime="20230412 13:25:25.781"/>
</kw>
<doc>tsm-testfile-18-several_tests-6-unknown</doc>
<status status="UNKNOWN" starttime="20230412 13:25:25.759" endtime="20230412 13:25:25.781">Exception occurred.</status>
</test>
<test id="s1-t7" name="Test Case tsm-testfile-18-several_tests-7-unknown">
<kw name="Testcase Setup" library="tm" type="SETUP">
<doc>This testcase_setup defines the ``Testcase Setup`` keyword, currently this keyword does nothing,
it's defined here for future requirements.</doc>
<msg timestamp="20230412 13:25:25.781" level="INFO">Test Count: 7</msg>
<status status="PASS" starttime="20230412 13:25:25.781" endtime="20230412 13:25:25.781"/>
</kw>
<kw name="Pretty Print" library="rf.extensions">
<arg>${CONFIG.Project}</arg>
<arg>PARAMS-VERIFIKATION : ({CONFIG.Project} / tsm-testfile-18-several_tests-7-unknown)</arg>
<doc>The ``pretty_print`` keyword logs the content of parameters of any Python data type (input: ``oData``).</doc>
<msg timestamp="20230412 13:25:25.781" level="INFO">PARAMS-VERIFIKATION : ({CONFIG.Project} / tsm-testfile-18-several_tests-7-unknown) : [STR]  :  'tsm-test_config_variant1'</msg>
<status status="PASS" starttime="20230412 13:25:25.781" endtime="20230412 13:25:25.781"/>
</kw>
<kw name="Pretty Print" library="rf.extensions">
<arg>${teststring_common}</arg>
<arg>PARAMS-VERIFIKATION : ({teststring_common} / tsm-testfile-18-several_tests-7-unknown)</arg>
<doc>The ``pretty_print`` keyword logs the content of parameters of any Python data type (input: ``oData``).</doc>
<msg timestamp="20230412 13:25:25.781" level="INFO">PARAMS-VERIFIKATION : ({teststring_common} / tsm-testfile-18-several_tests-7-unknown) : [STR]  :  'I am the common teststring valid for all variants and all test benches'</msg>
<status status="PASS" starttime="20230412 13:25:25.781" endtime="20230412 13:25:25.781"/>
</kw>
<kw name="Pretty Print" library="rf.extensions">
<arg>${teststring_variant}</arg>
<arg>PARAMS-VERIFIKATION : ({teststring_variant} / tsm-testfile-18-several_tests-7-unknown)</arg>
<doc>The ``pretty_print`` keyword logs the content of parameters of any Python data type (input: ``oData``).</doc>
<msg timestamp="20230412 13:25:25.781" level="INFO">PARAMS-VERIFIKATION : ({teststring_variant} / tsm-testfile-18-several_tests-7-unknown) : [STR]  :  'I am the 'variant1' configuration of tsm-test'</msg>
<status status="PASS" starttime="20230412 13:25:25.781" endtime="20230412 13:25:25.781"/>
</kw>
<kw name="Pretty Print" library="rf.extensions">
<arg>${teststring_bench}</arg>
<arg>PARAMS-VERIFIKATION : ({teststring_bench} / tsm-testfile-18-several_tests-7-unknown)</arg>
<doc>The ``pretty_print`` keyword logs the content of parameters of any Python data type (input: ``oData``).</doc>
<msg timestamp="20230412 13:25:25.781" level="INFO">PARAMS-VERIFIKATION : ({teststring_bench} / tsm-testfile-18-several_tests-7-unknown) : [STR]  :  'I am the teststring containing the default value for all test benches'</msg>
<status status="PASS" starttime="20230412 13:25:25.781" endtime="20230412 13:25:25.781"/>
</kw>
<kw name="Unknown" library="BuiltIn">
<doc>Unknown the test with the given message and optionally alters its tags.</doc>
<msg timestamp="20230412 13:25:25.781" level="UNKNOWN">Exception occurred.</msg>
<status status="UNKNOWN" starttime="20230412 13:25:25.781" endtime="20230412 13:25:25.781"/>
</kw>
<kw name="Log" library="BuiltIn">
<arg>I must not be executed</arg>
<arg>console=yes</arg>
<doc>Logs the given message with the given level.</doc>
<status status="NOT RUN" starttime="20230412 13:25:25.781" endtime="20230412 13:25:25.781"/>
</kw>
<kw name="Testcase Teardown" library="tm" type="TEARDOWN">
<doc>This testcase_teardown defines the ``Testcase Teardown`` keyword, currently this keyword does nothing,
it's defined here for future requirements.</doc>
<msg timestamp="20230412 13:25:25.781" level="INFO">testcase_teardown: Will be implemented later</msg>
<status status="PASS" starttime="20230412 13:25:25.781" endtime="20230412 13:25:25.781"/>
</kw>
<doc>tsm-testfile-18-several_tests-7-unknown</doc>
<status status="UNKNOWN" starttime="20230412 13:25:25.781" endtime="20230412 13:25:25.781">Exception occurred.</status>
</test>
<test id="s1-t8" name="Test Case tsm-testfile-18-several_tests-8-unknown">
<kw name="Testcase Setup" library="tm" type="SETUP">
<doc>This testcase_setup defines the ``Testcase Setup`` keyword, currently this keyword does nothing,
it's defined here for future requirements.</doc>
<msg timestamp="20230412 13:25:25.781" level="INFO">Test Count: 8</msg>
<status status="PASS" starttime="20230412 13:25:25.781" endtime="20230412 13:25:25.781"/>
</kw>
<kw name="Pretty Print" library="rf.extensions">
<arg>${CONFIG.Project}</arg>
<arg>PARAMS-VERIFIKATION : ({CONFIG.Project} / tsm-testfile-18-several_tests-8-unknown)</arg>
<doc>The ``pretty_print`` keyword logs the content of parameters of any Python data type (input: ``oData``).</doc>
<msg timestamp="20230412 13:25:25.796" level="INFO">PARAMS-VERIFIKATION : ({CONFIG.Project} / tsm-testfile-18-several_tests-8-unknown) : [STR]  :  'tsm-test_config_variant1'</msg>
<status status="PASS" starttime="20230412 13:25:25.781" endtime="20230412 13:25:25.796"/>
</kw>
<kw name="Pretty Print" library="rf.extensions">
<arg>${teststring_common}</arg>
<arg>PARAMS-VERIFIKATION : ({teststring_common} / tsm-testfile-18-several_tests-8-unknown)</arg>
<doc>The ``pretty_print`` keyword logs the content of parameters of any Python data type (input: ``oData``).</doc>
<msg timestamp="20230412 13:25:25.796" level="INFO">PARAMS-VERIFIKATION : ({teststring_common} / tsm-testfile-18-several_tests-8-unknown) : [STR]  :  'I am the common teststring valid for all variants and all test benches'</msg>
<status status="PASS" starttime="20230412 13:25:25.796" endtime="20230412 13:25:25.796"/>
</kw>
<kw name="Pretty Print" library="rf.extensions">
<arg>${teststring_variant}</arg>
<arg>PARAMS-VERIFIKATION : ({teststring_variant} / tsm-testfile-18-several_tests-8-unknown)</arg>
<doc>The ``pretty_print`` keyword logs the content of parameters of any Python data type (input: ``oData``).</doc>
<msg timestamp="20230412 13:25:25.796" level="INFO">PARAMS-VERIFIKATION : ({teststring_variant} / tsm-testfile-18-several_tests-8-unknown) : [STR]  :  'I am the 'variant1' configuration of tsm-test'</msg>
<status status="PASS" starttime="20230412 13:25:25.796" endtime="20230412 13:25:25.796"/>
</kw>
<kw name="Pretty Print" library="rf.extensions">
<arg>${teststring_bench}</arg>
<arg>PARAMS-VERIFIKATION : ({teststring_bench} / tsm-testfile-18-several_tests-8-unknown)</arg>
<doc>The ``pretty_print`` keyword logs the content of parameters of any Python data type (input: ``oData``).</doc>
<msg timestamp="20230412 13:25:25.796" level="INFO">PARAMS-VERIFIKATION : ({teststring_bench} / tsm-testfile-18-several_tests-8-unknown) : [STR]  :  'I am the teststring containing the default value for all test benches'</msg>
<status status="PASS" starttime="20230412 13:25:25.796" endtime="20230412 13:25:25.796"/>
</kw>
<kw name="Unknown" library="BuiltIn">
<doc>Unknown the test with the given message and optionally alters its tags.</doc>
<msg timestamp="20230412 13:25:25.796" level="UNKNOWN">Exception occurred.</msg>
<status status="UNKNOWN" starttime="20230412 13:25:25.796" endtime="20230412 13:25:25.796"/>
</kw>
<kw name="Log" library="BuiltIn">
<arg>I must not be executed</arg>
<arg>console=yes</arg>
<doc>Logs the given message with the given level.</doc>
<status status="NOT RUN" starttime="20230412 13:25:25.796" endtime="20230412 13:25:25.796"/>
</kw>
<kw name="Testcase Teardown" library="tm" type="TEARDOWN">
<doc>This testcase_teardown defines the ``Testcase Teardown`` keyword, currently this keyword does nothing,
it's defined here for future requirements.</doc>
<msg timestamp="20230412 13:25:25.796" level="INFO">testcase_teardown: Will be implemented later</msg>
<status status="PASS" starttime="20230412 13:25:25.796" endtime="20230412 13:25:25.796"/>
</kw>
<doc>tsm-testfile-18-several_tests-8-unknown</doc>
<status status="UNKNOWN" starttime="20230412 13:25:25.781" endtime="20230412 13:25:25.796">Exception occurred.</status>
</test>
<test id="s1-t9" name="Test Case tsm-testfile-18-several_tests-9-unknown">
<kw name="Testcase Setup" library="tm" type="SETUP">
<doc>This testcase_setup defines the ``Testcase Setup`` keyword, currently this keyword does nothing,
it's defined here for future requirements.</doc>
<msg timestamp="20230412 13:25:25.796" level="INFO">Test Count: 9</msg>
<status status="PASS" starttime="20230412 13:25:25.796" endtime="20230412 13:25:25.796"/>
</kw>
<kw name="Pretty Print" library="rf.extensions">
<arg>${CONFIG.Project}</arg>
<arg>PARAMS-VERIFIKATION : ({CONFIG.Project} / tsm-testfile-18-several_tests-9-unknown)</arg>
<doc>The ``pretty_print`` keyword logs the content of parameters of any Python data type (input: ``oData``).</doc>
<msg timestamp="20230412 13:25:25.812" level="INFO">PARAMS-VERIFIKATION : ({CONFIG.Project} / tsm-testfile-18-several_tests-9-unknown) : [STR]  :  'tsm-test_config_variant1'</msg>
<status status="PASS" starttime="20230412 13:25:25.812" endtime="20230412 13:25:25.812"/>
</kw>
<kw name="Pretty Print" library="rf.extensions">
<arg>${teststring_common}</arg>
<arg>PARAMS-VERIFIKATION : ({teststring_common} / tsm-testfile-18-several_tests-9-unknown)</arg>
<doc>The ``pretty_print`` keyword logs the content of parameters of any Python data type (input: ``oData``).</doc>
<msg timestamp="20230412 13:25:25.812" level="INFO">PARAMS-VERIFIKATION : ({teststring_common} / tsm-testfile-18-several_tests-9-unknown) : [STR]  :  'I am the common teststring valid for all variants and all test benches'</msg>
<status status="PASS" starttime="20230412 13:25:25.812" endtime="20230412 13:25:25.812"/>
</kw>
<kw name="Pretty Print" library="rf.extensions">
<arg>${teststring_variant}</arg>
<arg>PARAMS-VERIFIKATION : ({teststring_variant} / tsm-testfile-18-several_tests-9-unknown)</arg>
<doc>The ``pretty_print`` keyword logs the content of parameters of any Python data type (input: ``oData``).</doc>
<msg timestamp="20230412 13:25:25.812" level="INFO">PARAMS-VERIFIKATION : ({teststring_variant} / tsm-testfile-18-several_tests-9-unknown) : [STR]  :  'I am the 'variant1' configuration of tsm-test'</msg>
<status status="PASS" starttime="20230412 13:25:25.812" endtime="20230412 13:25:25.812"/>
</kw>
<kw name="Pretty Print" library="rf.extensions">
<arg>${teststring_bench}</arg>
<arg>PARAMS-VERIFIKATION : ({teststring_bench} / tsm-testfile-18-several_tests-9-unknown)</arg>
<doc>The ``pretty_print`` keyword logs the content of parameters of any Python data type (input: ``oData``).</doc>
<msg timestamp="20230412 13:25:25.812" level="INFO">PARAMS-VERIFIKATION : ({teststring_bench} / tsm-testfile-18-several_tests-9-unknown) : [STR]  :  'I am the teststring containing the default value for all test benches'</msg>
<status status="PASS" starttime="20230412 13:25:25.812" endtime="20230412 13:25:25.812"/>
</kw>
<kw name="Unknown" library="BuiltIn">
<doc>Unknown the test with the given message and optionally alters its tags.</doc>
<msg timestamp="20230412 13:25:25.812" level="UNKNOWN">Exception occurred.</msg>
<status status="UNKNOWN" starttime="20230412 13:25:25.812" endtime="20230412 13:25:25.812"/>
</kw>
<kw name="Log" library="BuiltIn">
<arg>I must not be executed</arg>
<arg>console=yes</arg>
<doc>Logs the given message with the given level.</doc>
<status status="NOT RUN" starttime="20230412 13:25:25.812" endtime="20230412 13:25:25.812"/>
</kw>
<kw name="Testcase Teardown" library="tm" type="TEARDOWN">
<doc>This testcase_teardown defines the ``Testcase Teardown`` keyword, currently this keyword does nothing,
it's defined here for future requirements.</doc>
<msg timestamp="20230412 13:25:25.812" level="INFO">testcase_teardown: Will be implemented later</msg>
<status status="PASS" starttime="20230412 13:25:25.812" endtime="20230412 13:25:25.812"/>
</kw>
<doc>tsm-testfile-18-several_tests-9-unknown</doc>
<status status="UNKNOWN" starttime="20230412 13:25:25.796" endtime="20230412 13:25:25.812">Exception occurred.</status>
</test>
<kw name="Testsuite Teardown" library="tm" type="TEARDOWN">
<doc>This testsuite_teardown defines the ``Testsuite Teardown`` keyword, currently this keyword does nothing,
it's defined here for future requirements.</doc>
<msg timestamp="20230412 13:25:25.812" level="INFO">testsuite_teardown: Will be implemented later</msg>
<status status="PASS" starttime="20230412 13:25:25.812" endtime="20230412 13:25:25.812"/>
</kw>
<meta name="machine">HI7-C-0005Y</meta>
<meta name="project">tsm-test_config_variant1</meta>
<meta name="tester">Queckenstedt Holger (XC-CT/ECA3)</meta>
<meta name="testtool">Robot Framework 4.1.3 (Python 3.9.16 on win32)</meta>
<meta name="version">0.7.0</meta>
<meta name="version_hw"/>
<meta name="version_sw"/>
<meta name="version_test"/>
<status status="UNKNOWN" starttime="20230412 13:25:25.546" endtime="20230412 13:25:25.812"/>
</suite>
<statistics>
<total>
<stat pass="2" fail="3" skip="0" unknown="4">All Tests</stat>
</total>
<tag>
</tag>
<suite>
<stat pass="2" fail="3" skip="0" unknown="4" id="s1" name="Tsm-Testfile-18-Several Tests">Tsm-Testfile-18-Several Tests</stat>
</suite>
</statistics>
<errors>
</errors>
</robot>
