==============================================================================
20230411 12:16:42.325 - INFO - + START SUITE: Tsm-Testfile-18-Several Tests [ ]
==============================================================================
20230411 12:16:42.329 - INFO - +- START SETUP: tm.Testsuite Setup [ ./config/tsm-test_variants.json ]
20230411 12:16:42.354 - INFO - Set suite metadata 'project' to value 'tsm-test_config_variant1'.
20230411 12:16:42.354 - INFO - Set suite metadata 'machine' to value 'HI7-C-0005Y'.
20230411 12:16:42.356 - INFO - Set suite metadata 'tester' to value 'Queckenstedt Holger (XC-CT/ECA3)'.
20230411 12:16:42.357 - INFO - Set suite metadata 'testtool' to value 'Robot Framework 4.1.3 (Python 3.9.16 on win32)'.
20230411 12:16:42.357 - INFO - Set suite metadata 'version' to value '0.7.0'.
20230411 12:16:42.357 - INFO - Set suite metadata 'version_sw' to value ''.
20230411 12:16:42.357 - INFO - Set suite metadata 'version_hw' to value ''.
20230411 12:16:42.357 - INFO - Set suite metadata 'version_test' to value ''.
20230411 12:16:42.357 - INFO - ${teststring_common} = I am the common teststring valid for all variants and all test benches
20230411 12:16:42.358 - INFO - ${teststring_bench} = I am the teststring containing the default value for all test benches
20230411 12:16:42.359 - INFO - ${teststring_variant} = I am the 'variant1' configuration of tsm-test
20230411 12:16:42.359 - INFO - ${CONFIG} = {'WelcomeString': 'Hello... Robot Framework is running now!', 'Maximum_version': '1.0.0', 'Minimum_version': '0.6.0', 'Project': 'tsm-test_config_variant1', 'TargetName': 'Device_01', 'params': {}}
20230411 12:16:42.359 - INFO - Running with configuration level 2
20230411 12:16:42.359 - INFO - Parameters loaded from 'C:\RobotTest\projects\ROBFW_AIO\robotframework-testsuitesmanagement\test\testfiles\config\tsm-test_config_variant1.json'
20230411 12:16:42.359 - INFO - Robot Framework AIO version check passed!
20230411 12:16:42.359 - INFO - Suite Path: 'C:\RobotTest\projects\ROBFW_AIO\robotframework-testsuitesmanagement\test\testfiles\'
20230411 12:16:42.359 - INFO - CfgFile Path: 'C:\RobotTest\projects\ROBFW_AIO\robotframework-testsuitesmanagement\test\testfiles\config\tsm-test_config_variant1.json'
20230411 12:16:42.360 - INFO - Number of test suites: 1
20230411 12:16:42.360 - INFO - Total number of testcases: 9
20230411 12:16:42.360 - INFO - +- END SETUP: tm.Testsuite Setup (31)
------------------------------------------------------------------------------
20230411 12:16:42.360 - INFO - +- START TEST: Test Case tsm-testfile-18-several_tests-1-passed [ ]
------------------------------------------------------------------------------
20230411 12:16:42.360 - INFO - +-- START SETUP: tm.Testcase Setup [ ]
20230411 12:16:42.360 - INFO - Test Count: 1
20230411 12:16:42.362 - INFO - +-- END SETUP: tm.Testcase Setup (0)
~~~~~~~~~~~~~~~~~~~~~~~~~~~~~~~~~~~~~~~~~~~~~~~~~~~~~~~~~~~~~~~~~~~~~~~~~~~~~~
20230411 12:16:42.362 - INFO - +-- START KEYWORD: rf.extensions.Pretty Print [ ${CONFIG.Project} | PARAMS-VERIFIKATION : ({CONFIG.Project} / tsm-testfile-18-several_tests-1-passed) ]
20230411 12:16:42.362 - INFO - PARAMS-VERIFIKATION : ({CONFIG.Project} / tsm-testfile-18-several_tests-1-passed) : [STR]  :  'tsm-test_config_variant1'
20230411 12:16:42.363 - INFO - +-- END KEYWORD: rf.extensions.Pretty Print (0)
~~~~~~~~~~~~~~~~~~~~~~~~~~~~~~~~~~~~~~~~~~~~~~~~~~~~~~~~~~~~~~~~~~~~~~~~~~~~~~
20230411 12:16:42.363 - INFO - +-- START KEYWORD: rf.extensions.Pretty Print [ ${teststring_common} | PARAMS-VERIFIKATION : ({teststring_common} / tsm-testfile-18-several_tests-1-passed) ]
20230411 12:16:42.363 - INFO - PARAMS-VERIFIKATION : ({teststring_common} / tsm-testfile-18-several_tests-1-passed) : [STR]  :  'I am the common teststring valid for all variants and all test benches'
20230411 12:16:42.364 - INFO - +-- END KEYWORD: rf.extensions.Pretty Print (1)
~~~~~~~~~~~~~~~~~~~~~~~~~~~~~~~~~~~~~~~~~~~~~~~~~~~~~~~~~~~~~~~~~~~~~~~~~~~~~~
20230411 12:16:42.364 - INFO - +-- START KEYWORD: rf.extensions.Pretty Print [ ${teststring_variant} | PARAMS-VERIFIKATION : ({teststring_variant} / tsm-testfile-18-several_tests-1-passed) ]
20230411 12:16:42.364 - INFO - PARAMS-VERIFIKATION : ({teststring_variant} / tsm-testfile-18-several_tests-1-passed) : [STR]  :  'I am the 'variant1' configuration of tsm-test'
20230411 12:16:42.365 - INFO - +-- END KEYWORD: rf.extensions.Pretty Print (0)
~~~~~~~~~~~~~~~~~~~~~~~~~~~~~~~~~~~~~~~~~~~~~~~~~~~~~~~~~~~~~~~~~~~~~~~~~~~~~~
20230411 12:16:42.365 - INFO - +-- START KEYWORD: rf.extensions.Pretty Print [ ${teststring_bench} | PARAMS-VERIFIKATION : ({teststring_bench} / tsm-testfile-18-several_tests-1-passed) ]
20230411 12:16:42.365 - INFO - PARAMS-VERIFIKATION : ({teststring_bench} / tsm-testfile-18-several_tests-1-passed) : [STR]  :  'I am the teststring containing the default value for all test benches'
20230411 12:16:42.366 - INFO - +-- END KEYWORD: rf.extensions.Pretty Print (0)
~~~~~~~~~~~~~~~~~~~~~~~~~~~~~~~~~~~~~~~~~~~~~~~~~~~~~~~~~~~~~~~~~~~~~~~~~~~~~~
20230411 12:16:42.366 - INFO - +-- START TEARDOWN: tm.Testcase Teardown [ ]
20230411 12:16:42.366 - INFO - testcase_teardown: Will be implemented later
20230411 12:16:42.366 - INFO - +-- END TEARDOWN: tm.Testcase Teardown (0)
------------------------------------------------------------------------------
20230411 12:16:42.367 - INFO - +- END TEST: Test Case tsm-testfile-18-several_tests-1-passed (6)
------------------------------------------------------------------------------
20230411 12:16:42.367 - INFO - +- START TEST: Test Case tsm-testfile-18-several_tests-2-passed [ ]
------------------------------------------------------------------------------
20230411 12:16:42.368 - INFO - +-- START SETUP: tm.Testcase Setup [ ]
20230411 12:16:42.368 - INFO - Test Count: 2
20230411 12:16:42.368 - INFO - +-- END SETUP: tm.Testcase Setup (0)
~~~~~~~~~~~~~~~~~~~~~~~~~~~~~~~~~~~~~~~~~~~~~~~~~~~~~~~~~~~~~~~~~~~~~~~~~~~~~~
20230411 12:16:42.368 - INFO - +-- START KEYWORD: rf.extensions.Pretty Print [ ${CONFIG.Project} | PARAMS-VERIFIKATION : ({CONFIG.Project} / tsm-testfile-18-several_tests-2-passed) ]
20230411 12:16:42.369 - INFO - PARAMS-VERIFIKATION : ({CONFIG.Project} / tsm-testfile-18-several_tests-2-passed) : [STR]  :  'tsm-test_config_variant1'
20230411 12:16:42.370 - INFO - +-- END KEYWORD: rf.extensions.Pretty Print (2)
~~~~~~~~~~~~~~~~~~~~~~~~~~~~~~~~~~~~~~~~~~~~~~~~~~~~~~~~~~~~~~~~~~~~~~~~~~~~~~
20230411 12:16:42.370 - INFO - +-- START KEYWORD: rf.extensions.Pretty Print [ ${teststring_common} | PARAMS-VERIFIKATION : ({teststring_common} / tsm-testfile-18-several_tests-2-passed) ]
20230411 12:16:42.371 - INFO - PARAMS-VERIFIKATION : ({teststring_common} / tsm-testfile-18-several_tests-2-passed) : [STR]  :  'I am the common teststring valid for all variants and all test benches'
20230411 12:16:42.371 - INFO - +-- END KEYWORD: rf.extensions.Pretty Print (1)
~~~~~~~~~~~~~~~~~~~~~~~~~~~~~~~~~~~~~~~~~~~~~~~~~~~~~~~~~~~~~~~~~~~~~~~~~~~~~~
20230411 12:16:42.372 - INFO - +-- START KEYWORD: rf.extensions.Pretty Print [ ${teststring_variant} | PARAMS-VERIFIKATION : ({teststring_variant} / tsm-testfile-18-several_tests-2-passed) ]
20230411 12:16:42.372 - INFO - PARAMS-VERIFIKATION : ({teststring_variant} / tsm-testfile-18-several_tests-2-passed) : [STR]  :  'I am the 'variant1' configuration of tsm-test'
20230411 12:16:42.373 - INFO - +-- END KEYWORD: rf.extensions.Pretty Print (1)
~~~~~~~~~~~~~~~~~~~~~~~~~~~~~~~~~~~~~~~~~~~~~~~~~~~~~~~~~~~~~~~~~~~~~~~~~~~~~~
20230411 12:16:42.373 - INFO - +-- START KEYWORD: rf.extensions.Pretty Print [ ${teststring_bench} | PARAMS-VERIFIKATION : ({teststring_bench} / tsm-testfile-18-several_tests-2-passed) ]
20230411 12:16:42.373 - INFO - PARAMS-VERIFIKATION : ({teststring_bench} / tsm-testfile-18-several_tests-2-passed) : [STR]  :  'I am the teststring containing the default value for all test benches'
20230411 12:16:42.373 - INFO - +-- END KEYWORD: rf.extensions.Pretty Print (0)
~~~~~~~~~~~~~~~~~~~~~~~~~~~~~~~~~~~~~~~~~~~~~~~~~~~~~~~~~~~~~~~~~~~~~~~~~~~~~~
20230411 12:16:42.374 - INFO - +-- START TEARDOWN: tm.Testcase Teardown [ ]
20230411 12:16:42.374 - INFO - testcase_teardown: Will be implemented later
20230411 12:16:42.374 - INFO - +-- END TEARDOWN: tm.Testcase Teardown (0)
------------------------------------------------------------------------------
20230411 12:16:42.375 - INFO - +- END TEST: Test Case tsm-testfile-18-several_tests-2-passed (7)
------------------------------------------------------------------------------
20230411 12:16:42.375 - INFO - +- START TEST: Test Case tsm-testfile-18-several_tests-3-failed [ ]
------------------------------------------------------------------------------
20230411 12:16:42.376 - INFO - +-- START SETUP: tm.Testcase Setup [ ]
20230411 12:16:42.376 - INFO - Test Count: 3
20230411 12:16:42.376 - INFO - +-- END SETUP: tm.Testcase Setup (0)
~~~~~~~~~~~~~~~~~~~~~~~~~~~~~~~~~~~~~~~~~~~~~~~~~~~~~~~~~~~~~~~~~~~~~~~~~~~~~~
20230411 12:16:42.376 - INFO - +-- START KEYWORD: rf.extensions.Pretty Print [ ${CONFIG.Project} | PARAMS-VERIFIKATION : ({CONFIG.Project} / tsm-testfile-18-several_tests-3-failed) ]
20230411 12:16:42.377 - INFO - PARAMS-VERIFIKATION : ({CONFIG.Project} / tsm-testfile-18-several_tests-3-failed) : [STR]  :  'tsm-test_config_variant1'
20230411 12:16:42.377 - INFO - +-- END KEYWORD: rf.extensions.Pretty Print (1)
~~~~~~~~~~~~~~~~~~~~~~~~~~~~~~~~~~~~~~~~~~~~~~~~~~~~~~~~~~~~~~~~~~~~~~~~~~~~~~
20230411 12:16:42.378 - INFO - +-- START KEYWORD: rf.extensions.Pretty Print [ ${teststring_common} | PARAMS-VERIFIKATION : ({teststring_common} / tsm-testfile-18-several_tests-3-failed) ]
20230411 12:16:42.378 - INFO - PARAMS-VERIFIKATION : ({teststring_common} / tsm-testfile-18-several_tests-3-failed) : [STR]  :  'I am the common teststring valid for all variants and all test benches'
20230411 12:16:42.378 - INFO - +-- END KEYWORD: rf.extensions.Pretty Print (1)
~~~~~~~~~~~~~~~~~~~~~~~~~~~~~~~~~~~~~~~~~~~~~~~~~~~~~~~~~~~~~~~~~~~~~~~~~~~~~~
20230411 12:16:42.378 - INFO - +-- START KEYWORD: rf.extensions.Pretty Print [ ${teststring_variant} | PARAMS-VERIFIKATION : ({teststring_variant} / tsm-testfile-18-several_tests-3-failed) ]
20230411 12:16:42.379 - INFO - PARAMS-VERIFIKATION : ({teststring_variant} / tsm-testfile-18-several_tests-3-failed) : [STR]  :  'I am the 'variant1' configuration of tsm-test'
20230411 12:16:42.379 - INFO - +-- END KEYWORD: rf.extensions.Pretty Print (1)
~~~~~~~~~~~~~~~~~~~~~~~~~~~~~~~~~~~~~~~~~~~~~~~~~~~~~~~~~~~~~~~~~~~~~~~~~~~~~~
20230411 12:16:42.379 - INFO - +-- START KEYWORD: rf.extensions.Pretty Print [ ${teststring_bench} | PARAMS-VERIFIKATION : ({teststring_bench} / tsm-testfile-18-several_tests-3-failed) ]
20230411 12:16:42.380 - INFO - PARAMS-VERIFIKATION : ({teststring_bench} / tsm-testfile-18-several_tests-3-failed) : [STR]  :  'I am the teststring containing the default value for all test benches'
20230411 12:16:42.380 - INFO - +-- END KEYWORD: rf.extensions.Pretty Print (1)
~~~~~~~~~~~~~~~~~~~~~~~~~~~~~~~~~~~~~~~~~~~~~~~~~~~~~~~~~~~~~~~~~~~~~~~~~~~~~~
20230411 12:16:42.380 - INFO - +-- START KEYWORD: BuiltIn.Fail [ ]
20230411 12:16:42.381 - FAIL - AssertionError
20230411 12:16:42.381 - DEBUG - Traceback (most recent call last):
  None
20230411 12:16:42.381 - INFO - +-- END KEYWORD: BuiltIn.Fail (1)
~~~~~~~~~~~~~~~~~~~~~~~~~~~~~~~~~~~~~~~~~~~~~~~~~~~~~~~~~~~~~~~~~~~~~~~~~~~~~~
20230411 12:16:42.381 - INFO - +-- START KEYWORD: BuiltIn.Log [ I must not be executed | console=yes ]
20230411 12:16:42.382 - INFO - +-- END KEYWORD: BuiltIn.Log (0)
~~~~~~~~~~~~~~~~~~~~~~~~~~~~~~~~~~~~~~~~~~~~~~~~~~~~~~~~~~~~~~~~~~~~~~~~~~~~~~
20230411 12:16:42.382 - INFO - +-- START TEARDOWN: tm.Testcase Teardown [ ]
20230411 12:16:42.382 - INFO - testcase_teardown: Will be implemented later
20230411 12:16:42.382 - INFO - +-- END TEARDOWN: tm.Testcase Teardown (0)
------------------------------------------------------------------------------
20230411 12:16:42.383 - INFO - +- END TEST: Test Case tsm-testfile-18-several_tests-3-failed (7)
------------------------------------------------------------------------------
20230411 12:16:42.384 - INFO - +- START TEST: Test Case tsm-testfile-18-several_tests-4-failed [ ]
------------------------------------------------------------------------------
20230411 12:16:42.384 - INFO - +-- START SETUP: tm.Testcase Setup [ ]
20230411 12:16:42.384 - INFO - Test Count: 4
20230411 12:16:42.384 - INFO - +-- END SETUP: tm.Testcase Setup (0)
~~~~~~~~~~~~~~~~~~~~~~~~~~~~~~~~~~~~~~~~~~~~~~~~~~~~~~~~~~~~~~~~~~~~~~~~~~~~~~
20230411 12:16:42.385 - INFO - +-- START KEYWORD: rf.extensions.Pretty Print [ ${CONFIG.Project} | PARAMS-VERIFIKATION : ({CONFIG.Project} / tsm-testfile-18-several_tests-4-failed) ]
20230411 12:16:42.385 - INFO - PARAMS-VERIFIKATION : ({CONFIG.Project} / tsm-testfile-18-several_tests-4-failed) : [STR]  :  'tsm-test_config_variant1'
20230411 12:16:42.388 - INFO - +-- END KEYWORD: rf.extensions.Pretty Print (2)
~~~~~~~~~~~~~~~~~~~~~~~~~~~~~~~~~~~~~~~~~~~~~~~~~~~~~~~~~~~~~~~~~~~~~~~~~~~~~~
20230411 12:16:42.388 - INFO - +-- START KEYWORD: rf.extensions.Pretty Print [ ${teststring_common} | PARAMS-VERIFIKATION : ({teststring_common} / tsm-testfile-18-several_tests-4-failed) ]
20230411 12:16:42.388 - INFO - PARAMS-VERIFIKATION : ({teststring_common} / tsm-testfile-18-several_tests-4-failed) : [STR]  :  'I am the common teststring valid for all variants and all test benches'
20230411 12:16:42.389 - INFO - +-- END KEYWORD: rf.extensions.Pretty Print (0)
~~~~~~~~~~~~~~~~~~~~~~~~~~~~~~~~~~~~~~~~~~~~~~~~~~~~~~~~~~~~~~~~~~~~~~~~~~~~~~
20230411 12:16:42.389 - INFO - +-- START KEYWORD: rf.extensions.Pretty Print [ ${teststring_variant} | PARAMS-VERIFIKATION : ({teststring_variant} / tsm-testfile-18-several_tests-4-failed) ]
20230411 12:16:42.390 - INFO - PARAMS-VERIFIKATION : ({teststring_variant} / tsm-testfile-18-several_tests-4-failed) : [STR]  :  'I am the 'variant1' configuration of tsm-test'
20230411 12:16:42.391 - INFO - +-- END KEYWORD: rf.extensions.Pretty Print (2)
~~~~~~~~~~~~~~~~~~~~~~~~~~~~~~~~~~~~~~~~~~~~~~~~~~~~~~~~~~~~~~~~~~~~~~~~~~~~~~
20230411 12:16:42.391 - INFO - +-- START KEYWORD: rf.extensions.Pretty Print [ ${teststring_bench} | PARAMS-VERIFIKATION : ({teststring_bench} / tsm-testfile-18-several_tests-4-failed) ]
20230411 12:16:42.391 - INFO - PARAMS-VERIFIKATION : ({teststring_bench} / tsm-testfile-18-several_tests-4-failed) : [STR]  :  'I am the teststring containing the default value for all test benches'
20230411 12:16:42.392 - INFO - +-- END KEYWORD: rf.extensions.Pretty Print (1)
~~~~~~~~~~~~~~~~~~~~~~~~~~~~~~~~~~~~~~~~~~~~~~~~~~~~~~~~~~~~~~~~~~~~~~~~~~~~~~
20230411 12:16:42.392 - INFO - +-- START KEYWORD: BuiltIn.Fail [ ]
20230411 12:16:42.392 - FAIL - AssertionError
20230411 12:16:42.392 - DEBUG - Traceback (most recent call last):
  None
20230411 12:16:42.393 - INFO - +-- END KEYWORD: BuiltIn.Fail (0)
~~~~~~~~~~~~~~~~~~~~~~~~~~~~~~~~~~~~~~~~~~~~~~~~~~~~~~~~~~~~~~~~~~~~~~~~~~~~~~
20230411 12:16:42.393 - INFO - +-- START KEYWORD: BuiltIn.Log [ I must not be executed | console=yes ]
20230411 12:16:42.393 - INFO - +-- END KEYWORD: BuiltIn.Log (0)
~~~~~~~~~~~~~~~~~~~~~~~~~~~~~~~~~~~~~~~~~~~~~~~~~~~~~~~~~~~~~~~~~~~~~~~~~~~~~~
20230411 12:16:42.393 - INFO - +-- START TEARDOWN: tm.Testcase Teardown [ ]
20230411 12:16:42.394 - INFO - testcase_teardown: Will be implemented later
20230411 12:16:42.394 - INFO - +-- END TEARDOWN: tm.Testcase Teardown (1)
------------------------------------------------------------------------------
20230411 12:16:42.395 - INFO - +- END TEST: Test Case tsm-testfile-18-several_tests-4-failed (10)
------------------------------------------------------------------------------
20230411 12:16:42.395 - INFO - +- START TEST: Test Case tsm-testfile-18-several_tests-5-failed [ ]
------------------------------------------------------------------------------
20230411 12:16:42.396 - INFO - +-- START SETUP: tm.Testcase Setup [ ]
20230411 12:16:42.396 - INFO - Test Count: 5
20230411 12:16:42.396 - INFO - +-- END SETUP: tm.Testcase Setup (0)
~~~~~~~~~~~~~~~~~~~~~~~~~~~~~~~~~~~~~~~~~~~~~~~~~~~~~~~~~~~~~~~~~~~~~~~~~~~~~~
20230411 12:16:42.396 - INFO - +-- START KEYWORD: rf.extensions.Pretty Print [ ${CONFIG.Project} | PARAMS-VERIFIKATION : ({CONFIG.Project} / tsm-testfile-18-several_tests-5-failed) ]
20230411 12:16:42.397 - INFO - PARAMS-VERIFIKATION : ({CONFIG.Project} / tsm-testfile-18-several_tests-5-failed) : [STR]  :  'tsm-test_config_variant1'
20230411 12:16:42.397 - INFO - +-- END KEYWORD: rf.extensions.Pretty Print (1)
~~~~~~~~~~~~~~~~~~~~~~~~~~~~~~~~~~~~~~~~~~~~~~~~~~~~~~~~~~~~~~~~~~~~~~~~~~~~~~
20230411 12:16:42.397 - INFO - +-- START KEYWORD: rf.extensions.Pretty Print [ ${teststring_common} | PARAMS-VERIFIKATION : ({teststring_common} / tsm-testfile-18-several_tests-5-failed) ]
20230411 12:16:42.398 - INFO - PARAMS-VERIFIKATION : ({teststring_common} / tsm-testfile-18-several_tests-5-failed) : [STR]  :  'I am the common teststring valid for all variants and all test benches'
20230411 12:16:42.398 - INFO - +-- END KEYWORD: rf.extensions.Pretty Print (1)
~~~~~~~~~~~~~~~~~~~~~~~~~~~~~~~~~~~~~~~~~~~~~~~~~~~~~~~~~~~~~~~~~~~~~~~~~~~~~~
20230411 12:16:42.398 - INFO - +-- START KEYWORD: rf.extensions.Pretty Print [ ${teststring_variant} | PARAMS-VERIFIKATION : ({teststring_variant} / tsm-testfile-18-several_tests-5-failed) ]
20230411 12:16:42.399 - INFO - PARAMS-VERIFIKATION : ({teststring_variant} / tsm-testfile-18-several_tests-5-failed) : [STR]  :  'I am the 'variant1' configuration of tsm-test'
20230411 12:16:42.399 - INFO - +-- END KEYWORD: rf.extensions.Pretty Print (1)
~~~~~~~~~~~~~~~~~~~~~~~~~~~~~~~~~~~~~~~~~~~~~~~~~~~~~~~~~~~~~~~~~~~~~~~~~~~~~~
20230411 12:16:42.399 - INFO - +-- START KEYWORD: rf.extensions.Pretty Print [ ${teststring_bench} | PARAMS-VERIFIKATION : ({teststring_bench} / tsm-testfile-18-several_tests-5-failed) ]
20230411 12:16:42.400 - INFO - PARAMS-VERIFIKATION : ({teststring_bench} / tsm-testfile-18-several_tests-5-failed) : [STR]  :  'I am the teststring containing the default value for all test benches'
20230411 12:16:42.400 - INFO - +-- END KEYWORD: rf.extensions.Pretty Print (1)
~~~~~~~~~~~~~~~~~~~~~~~~~~~~~~~~~~~~~~~~~~~~~~~~~~~~~~~~~~~~~~~~~~~~~~~~~~~~~~
20230411 12:16:42.400 - INFO - +-- START KEYWORD: BuiltIn.Fail [ ]
20230411 12:16:42.401 - FAIL - AssertionError
20230411 12:16:42.401 - DEBUG - Traceback (most recent call last):
  None
20230411 12:16:42.402 - INFO - +-- END KEYWORD: BuiltIn.Fail (1)
~~~~~~~~~~~~~~~~~~~~~~~~~~~~~~~~~~~~~~~~~~~~~~~~~~~~~~~~~~~~~~~~~~~~~~~~~~~~~~
20230411 12:16:42.402 - INFO - +-- START KEYWORD: BuiltIn.Log [ I must not be executed | console=yes ]
20230411 12:16:42.402 - INFO - +-- END KEYWORD: BuiltIn.Log (0)
~~~~~~~~~~~~~~~~~~~~~~~~~~~~~~~~~~~~~~~~~~~~~~~~~~~~~~~~~~~~~~~~~~~~~~~~~~~~~~
20230411 12:16:42.403 - INFO - +-- START TEARDOWN: tm.Testcase Teardown [ ]
20230411 12:16:42.403 - INFO - testcase_teardown: Will be implemented later
20230411 12:16:42.403 - INFO - +-- END TEARDOWN: tm.Testcase Teardown (0)
------------------------------------------------------------------------------
20230411 12:16:42.405 - INFO - +- END TEST: Test Case tsm-testfile-18-several_tests-5-failed (8)
------------------------------------------------------------------------------
20230411 12:16:42.406 - INFO - +- START TEST: Test Case tsm-testfile-18-several_tests-6-unknown [ ]
------------------------------------------------------------------------------
20230411 12:16:42.406 - INFO - +-- START SETUP: tm.Testcase Setup [ ]
20230411 12:16:42.406 - INFO - Test Count: 6
20230411 12:16:42.406 - INFO - +-- END SETUP: tm.Testcase Setup (0)
~~~~~~~~~~~~~~~~~~~~~~~~~~~~~~~~~~~~~~~~~~~~~~~~~~~~~~~~~~~~~~~~~~~~~~~~~~~~~~
20230411 12:16:42.407 - INFO - +-- START KEYWORD: rf.extensions.Pretty Print [ ${CONFIG.Project} | PARAMS-VERIFIKATION : ({CONFIG.Project} / tsm-testfile-18-several_tests-6-unknown) ]
20230411 12:16:42.407 - INFO - PARAMS-VERIFIKATION : ({CONFIG.Project} / tsm-testfile-18-several_tests-6-unknown) : [STR]  :  'tsm-test_config_variant1'
20230411 12:16:42.408 - INFO - +-- END KEYWORD: rf.extensions.Pretty Print (0)
~~~~~~~~~~~~~~~~~~~~~~~~~~~~~~~~~~~~~~~~~~~~~~~~~~~~~~~~~~~~~~~~~~~~~~~~~~~~~~
20230411 12:16:42.408 - INFO - +-- START KEYWORD: rf.extensions.Pretty Print [ ${teststring_common} | PARAMS-VERIFIKATION : ({teststring_common} / tsm-testfile-18-several_tests-6-unknown) ]
20230411 12:16:42.408 - INFO - PARAMS-VERIFIKATION : ({teststring_common} / tsm-testfile-18-several_tests-6-unknown) : [STR]  :  'I am the common teststring valid for all variants and all test benches'
20230411 12:16:42.409 - INFO - +-- END KEYWORD: rf.extensions.Pretty Print (0)
~~~~~~~~~~~~~~~~~~~~~~~~~~~~~~~~~~~~~~~~~~~~~~~~~~~~~~~~~~~~~~~~~~~~~~~~~~~~~~
20230411 12:16:42.409 - INFO - +-- START KEYWORD: rf.extensions.Pretty Print [ ${teststring_variant} | PARAMS-VERIFIKATION : ({teststring_variant} / tsm-testfile-18-several_tests-6-unknown) ]
20230411 12:16:42.409 - INFO - PARAMS-VERIFIKATION : ({teststring_variant} / tsm-testfile-18-several_tests-6-unknown) : [STR]  :  'I am the 'variant1' configuration of tsm-test'
20230411 12:16:42.410 - INFO - +-- END KEYWORD: rf.extensions.Pretty Print (0)
~~~~~~~~~~~~~~~~~~~~~~~~~~~~~~~~~~~~~~~~~~~~~~~~~~~~~~~~~~~~~~~~~~~~~~~~~~~~~~
20230411 12:16:42.410 - INFO - +-- START KEYWORD: rf.extensions.Pretty Print [ ${teststring_bench} | PARAMS-VERIFIKATION : ({teststring_bench} / tsm-testfile-18-several_tests-6-unknown) ]
20230411 12:16:42.410 - INFO - PARAMS-VERIFIKATION : ({teststring_bench} / tsm-testfile-18-several_tests-6-unknown) : [STR]  :  'I am the teststring containing the default value for all test benches'
20230411 12:16:42.411 - INFO - +-- END KEYWORD: rf.extensions.Pretty Print (0)
~~~~~~~~~~~~~~~~~~~~~~~~~~~~~~~~~~~~~~~~~~~~~~~~~~~~~~~~~~~~~~~~~~~~~~~~~~~~~~
20230411 12:16:42.411 - INFO - +-- START KEYWORD: BuiltIn.Unknown [ ]
20230411 12:16:42.411 - UNKNOWN - Exception occurred.
20230411 12:16:42.411 - INFO - +-- END KEYWORD: BuiltIn.Unknown (0)
~~~~~~~~~~~~~~~~~~~~~~~~~~~~~~~~~~~~~~~~~~~~~~~~~~~~~~~~~~~~~~~~~~~~~~~~~~~~~~
20230411 12:16:42.412 - INFO - +-- START KEYWORD: BuiltIn.Log [ I must not be executed | console=yes ]
20230411 12:16:42.412 - INFO - +-- END KEYWORD: BuiltIn.Log (0)
~~~~~~~~~~~~~~~~~~~~~~~~~~~~~~~~~~~~~~~~~~~~~~~~~~~~~~~~~~~~~~~~~~~~~~~~~~~~~~
20230411 12:16:42.412 - INFO - +-- START TEARDOWN: tm.Testcase Teardown [ ]
20230411 12:16:42.412 - INFO - testcase_teardown: Will be implemented later
20230411 12:16:42.412 - INFO - +-- END TEARDOWN: tm.Testcase Teardown (0)
------------------------------------------------------------------------------
20230411 12:16:42.414 - INFO - +- END TEST: Test Case tsm-testfile-18-several_tests-6-unknown (7)
------------------------------------------------------------------------------
20230411 12:16:42.414 - INFO - +- START TEST: Test Case tsm-testfile-18-several_tests-7-unknown [ ]
------------------------------------------------------------------------------
20230411 12:16:42.415 - INFO - +-- START SETUP: tm.Testcase Setup [ ]
20230411 12:16:42.415 - INFO - Test Count: 7
20230411 12:16:42.415 - INFO - +-- END SETUP: tm.Testcase Setup (0)
~~~~~~~~~~~~~~~~~~~~~~~~~~~~~~~~~~~~~~~~~~~~~~~~~~~~~~~~~~~~~~~~~~~~~~~~~~~~~~
20230411 12:16:42.415 - INFO - +-- START KEYWORD: rf.extensions.Pretty Print [ ${CONFIG.Project} | PARAMS-VERIFIKATION : ({CONFIG.Project} / tsm-testfile-18-several_tests-7-unknown) ]
20230411 12:16:42.416 - INFO - PARAMS-VERIFIKATION : ({CONFIG.Project} / tsm-testfile-18-several_tests-7-unknown) : [STR]  :  'tsm-test_config_variant1'
20230411 12:16:42.416 - INFO - +-- END KEYWORD: rf.extensions.Pretty Print (1)
~~~~~~~~~~~~~~~~~~~~~~~~~~~~~~~~~~~~~~~~~~~~~~~~~~~~~~~~~~~~~~~~~~~~~~~~~~~~~~
20230411 12:16:42.416 - INFO - +-- START KEYWORD: rf.extensions.Pretty Print [ ${teststring_common} | PARAMS-VERIFIKATION : ({teststring_common} / tsm-testfile-18-several_tests-7-unknown) ]
20230411 12:16:42.417 - INFO - PARAMS-VERIFIKATION : ({teststring_common} / tsm-testfile-18-several_tests-7-unknown) : [STR]  :  'I am the common teststring valid for all variants and all test benches'
20230411 12:16:42.418 - INFO - +-- END KEYWORD: rf.extensions.Pretty Print (2)
~~~~~~~~~~~~~~~~~~~~~~~~~~~~~~~~~~~~~~~~~~~~~~~~~~~~~~~~~~~~~~~~~~~~~~~~~~~~~~
20230411 12:16:42.419 - INFO - +-- START KEYWORD: rf.extensions.Pretty Print [ ${teststring_variant} | PARAMS-VERIFIKATION : ({teststring_variant} / tsm-testfile-18-several_tests-7-unknown) ]
20230411 12:16:42.419 - INFO - PARAMS-VERIFIKATION : ({teststring_variant} / tsm-testfile-18-several_tests-7-unknown) : [STR]  :  'I am the 'variant1' configuration of tsm-test'
20230411 12:16:42.420 - INFO - +-- END KEYWORD: rf.extensions.Pretty Print (0)
~~~~~~~~~~~~~~~~~~~~~~~~~~~~~~~~~~~~~~~~~~~~~~~~~~~~~~~~~~~~~~~~~~~~~~~~~~~~~~
20230411 12:16:42.420 - INFO - +-- START KEYWORD: rf.extensions.Pretty Print [ ${teststring_bench} | PARAMS-VERIFIKATION : ({teststring_bench} / tsm-testfile-18-several_tests-7-unknown) ]
20230411 12:16:42.420 - INFO - PARAMS-VERIFIKATION : ({teststring_bench} / tsm-testfile-18-several_tests-7-unknown) : [STR]  :  'I am the teststring containing the default value for all test benches'
20230411 12:16:42.421 - INFO - +-- END KEYWORD: rf.extensions.Pretty Print (0)
~~~~~~~~~~~~~~~~~~~~~~~~~~~~~~~~~~~~~~~~~~~~~~~~~~~~~~~~~~~~~~~~~~~~~~~~~~~~~~
20230411 12:16:42.421 - INFO - +-- START KEYWORD: BuiltIn.Unknown [ ]
20230411 12:16:42.421 - UNKNOWN - Exception occurred.
20230411 12:16:42.421 - INFO - +-- END KEYWORD: BuiltIn.Unknown (0)
~~~~~~~~~~~~~~~~~~~~~~~~~~~~~~~~~~~~~~~~~~~~~~~~~~~~~~~~~~~~~~~~~~~~~~~~~~~~~~
20230411 12:16:42.422 - INFO - +-- START KEYWORD: BuiltIn.Log [ I must not be executed | console=yes ]
20230411 12:16:42.422 - INFO - +-- END KEYWORD: BuiltIn.Log (0)
~~~~~~~~~~~~~~~~~~~~~~~~~~~~~~~~~~~~~~~~~~~~~~~~~~~~~~~~~~~~~~~~~~~~~~~~~~~~~~
20230411 12:16:42.422 - INFO - +-- START TEARDOWN: tm.Testcase Teardown [ ]
20230411 12:16:42.422 - INFO - testcase_teardown: Will be implemented later
20230411 12:16:42.423 - INFO - +-- END TEARDOWN: tm.Testcase Teardown (0)
------------------------------------------------------------------------------
20230411 12:16:42.424 - INFO - +- END TEST: Test Case tsm-testfile-18-several_tests-7-unknown (9)
------------------------------------------------------------------------------
20230411 12:16:42.424 - INFO - +- START TEST: Test Case tsm-testfile-18-several_tests-8-unknown [ ]
------------------------------------------------------------------------------
20230411 12:16:42.425 - INFO - +-- START SETUP: tm.Testcase Setup [ ]
20230411 12:16:42.425 - INFO - Test Count: 8
20230411 12:16:42.425 - INFO - +-- END SETUP: tm.Testcase Setup (0)
~~~~~~~~~~~~~~~~~~~~~~~~~~~~~~~~~~~~~~~~~~~~~~~~~~~~~~~~~~~~~~~~~~~~~~~~~~~~~~
20230411 12:16:42.425 - INFO - +-- START KEYWORD: rf.extensions.Pretty Print [ ${CONFIG.Project} | PARAMS-VERIFIKATION : ({CONFIG.Project} / tsm-testfile-18-several_tests-8-unknown) ]
20230411 12:16:42.426 - INFO - PARAMS-VERIFIKATION : ({CONFIG.Project} / tsm-testfile-18-several_tests-8-unknown) : [STR]  :  'tsm-test_config_variant1'
20230411 12:16:42.426 - INFO - +-- END KEYWORD: rf.extensions.Pretty Print (1)
~~~~~~~~~~~~~~~~~~~~~~~~~~~~~~~~~~~~~~~~~~~~~~~~~~~~~~~~~~~~~~~~~~~~~~~~~~~~~~
20230411 12:16:42.426 - INFO - +-- START KEYWORD: rf.extensions.Pretty Print [ ${teststring_common} | PARAMS-VERIFIKATION : ({teststring_common} / tsm-testfile-18-several_tests-8-unknown) ]
20230411 12:16:42.427 - INFO - PARAMS-VERIFIKATION : ({teststring_common} / tsm-testfile-18-several_tests-8-unknown) : [STR]  :  'I am the common teststring valid for all variants and all test benches'
20230411 12:16:42.427 - INFO - +-- END KEYWORD: rf.extensions.Pretty Print (1)
~~~~~~~~~~~~~~~~~~~~~~~~~~~~~~~~~~~~~~~~~~~~~~~~~~~~~~~~~~~~~~~~~~~~~~~~~~~~~~
20230411 12:16:42.427 - INFO - +-- START KEYWORD: rf.extensions.Pretty Print [ ${teststring_variant} | PARAMS-VERIFIKATION : ({teststring_variant} / tsm-testfile-18-several_tests-8-unknown) ]
20230411 12:16:42.428 - INFO - PARAMS-VERIFIKATION : ({teststring_variant} / tsm-testfile-18-several_tests-8-unknown) : [STR]  :  'I am the 'variant1' configuration of tsm-test'
20230411 12:16:42.428 - INFO - +-- END KEYWORD: rf.extensions.Pretty Print (1)
~~~~~~~~~~~~~~~~~~~~~~~~~~~~~~~~~~~~~~~~~~~~~~~~~~~~~~~~~~~~~~~~~~~~~~~~~~~~~~
20230411 12:16:42.429 - INFO - +-- START KEYWORD: rf.extensions.Pretty Print [ ${teststring_bench} | PARAMS-VERIFIKATION : ({teststring_bench} / tsm-testfile-18-several_tests-8-unknown) ]
20230411 12:16:42.429 - INFO - PARAMS-VERIFIKATION : ({teststring_bench} / tsm-testfile-18-several_tests-8-unknown) : [STR]  :  'I am the teststring containing the default value for all test benches'
20230411 12:16:42.429 - INFO - +-- END KEYWORD: rf.extensions.Pretty Print (1)
~~~~~~~~~~~~~~~~~~~~~~~~~~~~~~~~~~~~~~~~~~~~~~~~~~~~~~~~~~~~~~~~~~~~~~~~~~~~~~
20230411 12:16:42.429 - INFO - +-- START KEYWORD: BuiltIn.Unknown [ ]
20230411 12:16:42.430 - UNKNOWN - Exception occurred.
20230411 12:16:42.430 - INFO - +-- END KEYWORD: BuiltIn.Unknown (1)
~~~~~~~~~~~~~~~~~~~~~~~~~~~~~~~~~~~~~~~~~~~~~~~~~~~~~~~~~~~~~~~~~~~~~~~~~~~~~~
20230411 12:16:42.430 - INFO - +-- START KEYWORD: BuiltIn.Log [ I must not be executed | console=yes ]
20230411 12:16:42.431 - INFO - +-- END KEYWORD: BuiltIn.Log (0)
~~~~~~~~~~~~~~~~~~~~~~~~~~~~~~~~~~~~~~~~~~~~~~~~~~~~~~~~~~~~~~~~~~~~~~~~~~~~~~
20230411 12:16:42.431 - INFO - +-- START TEARDOWN: tm.Testcase Teardown [ ]
20230411 12:16:42.431 - INFO - testcase_teardown: Will be implemented later
20230411 12:16:42.431 - INFO - +-- END TEARDOWN: tm.Testcase Teardown (0)
------------------------------------------------------------------------------
20230411 12:16:42.432 - INFO - +- END TEST: Test Case tsm-testfile-18-several_tests-8-unknown (7)
------------------------------------------------------------------------------
20230411 12:16:42.433 - INFO - +- START TEST: Test Case tsm-testfile-18-several_tests-9-unknown [ ]
------------------------------------------------------------------------------
20230411 12:16:42.435 - INFO - +-- START SETUP: tm.Testcase Setup [ ]
20230411 12:16:42.435 - INFO - Test Count: 9
20230411 12:16:42.435 - INFO - +-- END SETUP: tm.Testcase Setup (0)
~~~~~~~~~~~~~~~~~~~~~~~~~~~~~~~~~~~~~~~~~~~~~~~~~~~~~~~~~~~~~~~~~~~~~~~~~~~~~~
20230411 12:16:42.435 - INFO - +-- START KEYWORD: rf.extensions.Pretty Print [ ${CONFIG.Project} | PARAMS-VERIFIKATION : ({CONFIG.Project} / tsm-testfile-18-several_tests-9-unknown) ]
20230411 12:16:42.436 - INFO - PARAMS-VERIFIKATION : ({CONFIG.Project} / tsm-testfile-18-several_tests-9-unknown) : [STR]  :  'tsm-test_config_variant1'
20230411 12:16:42.436 - INFO - +-- END KEYWORD: rf.extensions.Pretty Print (1)
~~~~~~~~~~~~~~~~~~~~~~~~~~~~~~~~~~~~~~~~~~~~~~~~~~~~~~~~~~~~~~~~~~~~~~~~~~~~~~
20230411 12:16:42.436 - INFO - +-- START KEYWORD: rf.extensions.Pretty Print [ ${teststring_common} | PARAMS-VERIFIKATION : ({teststring_common} / tsm-testfile-18-several_tests-9-unknown) ]
20230411 12:16:42.437 - INFO - PARAMS-VERIFIKATION : ({teststring_common} / tsm-testfile-18-several_tests-9-unknown) : [STR]  :  'I am the common teststring valid for all variants and all test benches'
20230411 12:16:42.437 - INFO - +-- END KEYWORD: rf.extensions.Pretty Print (1)
~~~~~~~~~~~~~~~~~~~~~~~~~~~~~~~~~~~~~~~~~~~~~~~~~~~~~~~~~~~~~~~~~~~~~~~~~~~~~~
20230411 12:16:42.437 - INFO - +-- START KEYWORD: rf.extensions.Pretty Print [ ${teststring_variant} | PARAMS-VERIFIKATION : ({teststring_variant} / tsm-testfile-18-several_tests-9-unknown) ]
20230411 12:16:42.438 - INFO - PARAMS-VERIFIKATION : ({teststring_variant} / tsm-testfile-18-several_tests-9-unknown) : [STR]  :  'I am the 'variant1' configuration of tsm-test'
20230411 12:16:42.439 - INFO - +-- END KEYWORD: rf.extensions.Pretty Print (1)
~~~~~~~~~~~~~~~~~~~~~~~~~~~~~~~~~~~~~~~~~~~~~~~~~~~~~~~~~~~~~~~~~~~~~~~~~~~~~~
20230411 12:16:42.439 - INFO - +-- START KEYWORD: rf.extensions.Pretty Print [ ${teststring_bench} | PARAMS-VERIFIKATION : ({teststring_bench} / tsm-testfile-18-several_tests-9-unknown) ]
20230411 12:16:42.439 - INFO - PARAMS-VERIFIKATION : ({teststring_bench} / tsm-testfile-18-several_tests-9-unknown) : [STR]  :  'I am the teststring containing the default value for all test benches'
20230411 12:16:42.440 - INFO - +-- END KEYWORD: rf.extensions.Pretty Print (0)
~~~~~~~~~~~~~~~~~~~~~~~~~~~~~~~~~~~~~~~~~~~~~~~~~~~~~~~~~~~~~~~~~~~~~~~~~~~~~~
20230411 12:16:42.440 - INFO - +-- START KEYWORD: BuiltIn.Unknown [ ]
20230411 12:16:42.440 - UNKNOWN - Exception occurred.
20230411 12:16:42.440 - INFO - +-- END KEYWORD: BuiltIn.Unknown (0)
~~~~~~~~~~~~~~~~~~~~~~~~~~~~~~~~~~~~~~~~~~~~~~~~~~~~~~~~~~~~~~~~~~~~~~~~~~~~~~
20230411 12:16:42.440 - INFO - +-- START KEYWORD: BuiltIn.Log [ I must not be executed | console=yes ]
20230411 12:16:42.441 - INFO - +-- END KEYWORD: BuiltIn.Log (0)
~~~~~~~~~~~~~~~~~~~~~~~~~~~~~~~~~~~~~~~~~~~~~~~~~~~~~~~~~~~~~~~~~~~~~~~~~~~~~~
20230411 12:16:42.441 - INFO - +-- START TEARDOWN: tm.Testcase Teardown [ ]
20230411 12:16:42.441 - INFO - testcase_teardown: Will be implemented later
20230411 12:16:42.441 - INFO - +-- END TEARDOWN: tm.Testcase Teardown (0)
------------------------------------------------------------------------------
20230411 12:16:42.443 - INFO - +- END TEST: Test Case tsm-testfile-18-several_tests-9-unknown (8)
------------------------------------------------------------------------------
20230411 12:16:42.443 - INFO - +- START TEARDOWN: tm.Testsuite Teardown [ ]
20230411 12:16:42.443 - INFO - testsuite_teardown: Will be implemented later
20230411 12:16:42.443 - INFO - +- END TEARDOWN: tm.Testsuite Teardown (0)
==============================================================================
20230411 12:16:42.445 - INFO - + END SUITE: Tsm-Testfile-18-Several Tests (237)
==============================================================================
